<?xml version="1.0" encoding="UTF-8"?><testsuite name="nosetests" tests="404" errors="0" failures="0" skip="0"><testcase classname="persistent.tests.test_list.TestPList" name="testTheWorld" time="0.002"></testcase><testcase classname="persistent.tests.test_list.TestPList" name="test_volatile_attributes_not_persisted" time="0.000"></testcase><testcase classname="persistent.tests.test_list" name="test_suite" time="0.000"></testcase><testcase classname="persistent.tests.test_mapping.PersistentMappingTests" name="testTheWorld" time="0.001"></testcase><testcase classname="persistent.tests.test_mapping.PersistentMappingTests" name="test___repr___converts_legacy_container_attr" time="0.000"></testcase><testcase classname="persistent.tests.test_mapping.PersistentMappingTests" name="test_volatile_attributes_not_persisted" time="0.000"></testcase><testcase classname="persistent.tests.test_mapping.Test_default" name="test___get___from_class" time="0.000"></testcase><testcase classname="persistent.tests.test_mapping.Test_default" name="test___get___from_instance" time="0.000"></testcase><testcase classname="persistent.tests.test_mapping.Test_legacy_PersistentDict" name="test_PD_is_alias_to_PM" time="0.000"></testcase><testcase classname="persistent.tests.test_mapping" name="test_suite" time="0.000"></testcase><testcase classname="persistent.tests.test_persistence.CPersistentTests" name="test___delattr___p__names" time="0.000"></testcase><testcase classname="persistent.tests.test_persistence.CPersistentTests" name="test___delattr__normal_name_from_changed" time="0.000"></testcase><testcase classname="persistent.tests.test_persistence.CPersistentTests" name="test___delattr__normal_name_from_ghost" time="0.000"></testcase><testcase classname="persistent.tests.test_persistence.CPersistentTests" name="test___delattr__normal_name_from_saved" time="0.000"></testcase><testcase classname="persistent.tests.test_persistence.CPersistentTests" name="test___delattr__normal_name_from_unsaved" time="0.000"></testcase><testcase classname="persistent.tests.test_persistence.CPersistentTests" name="test___getattribute___p__names" time="0.000"></testcase><testcase classname="persistent.tests.test_persistence.CPersistentTests" name="test___getattribute__normal_name_from_changed" time="0.000"></testcase><testcase classname="persistent.tests.test_persistence.CPersistentTests" name="test___getattribute__normal_name_from_ghost" time="0.000"></testcase><testcase classname="persistent.tests.test_persistence.CPersistentTests" name="test___getattribute__normal_name_from_saved" time="0.000"></testcase><testcase classname="persistent.tests.test_persistence.CPersistentTests" name="test___getattribute__normal_name_from_unsaved" time="0.000"></testcase><testcase classname="persistent.tests.test_persistence.CPersistentTests" name="test___getattribute__special_name" time="0.000"></testcase><testcase classname="persistent.tests.test_persistence.CPersistentTests" name="test___getstate__" time="0.000"></testcase><testcase classname="persistent.tests.test_persistence.CPersistentTests" name="test___getstate___derived_w_dict" time="0.000"></testcase><testcase classname="persistent.tests.test_persistence.CPersistentTests" name="test___getstate___derived_w_slots" time="0.000"></testcase><testcase classname="persistent.tests.test_persistence.CPersistentTests" name="test___getstate___derived_w_slots_in_base_and_derived" time="0.000"></testcase><testcase classname="persistent.tests.test_persistence.CPersistentTests" name="test___getstate___derived_w_slots_in_base_but_not_derived" time="0.000"></testcase><testcase classname="persistent.tests.test_persistence.CPersistentTests" name="test___reduce__" time="0.000"></testcase><testcase classname="persistent.tests.test_persistence.CPersistentTests" name="test___reduce__w_subclass_having_getnewargs" time="0.000"></testcase><testcase classname="persistent.tests.test_persistence.CPersistentTests" name="test___reduce__w_subclass_having_getnewargs_and_getstate" time="0.000"></testcase><testcase classname="persistent.tests.test_persistence.CPersistentTests" name="test___reduce__w_subclass_having_getstate" time="0.000"></testcase><testcase classname="persistent.tests.test_persistence.CPersistentTests" name="test___setattr___p__names" time="0.000"></testcase><testcase classname="persistent.tests.test_persistence.CPersistentTests" name="test___setattr___v__name" time="0.000"></testcase><testcase classname="persistent.tests.test_persistence.CPersistentTests" name="test___setattr__normal_name_from_changed" time="0.000"></testcase><testcase classname="persistent.tests.test_persistence.CPersistentTests" name="test___setattr__normal_name_from_ghost" time="0.000"></testcase><testcase classname="persistent.tests.test_persistence.CPersistentTests" name="test___setattr__normal_name_from_saved" time="0.000"></testcase><testcase classname="persistent.tests.test_persistence.CPersistentTests" name="test___setattr__normal_name_from_unsaved" time="0.000"></testcase><testcase classname="persistent.tests.test_persistence.CPersistentTests" name="test___setstate___derived_w_slots" time="0.000"></testcase><testcase classname="persistent.tests.test_persistence.CPersistentTests" name="test___setstate___derived_w_slots_in_base_but_not_derived" time="0.000"></testcase><testcase classname="persistent.tests.test_persistence.CPersistentTests" name="test___setstate___derived_w_slots_in_base_classes" time="0.000"></testcase><testcase classname="persistent.tests.test_persistence.CPersistentTests" name="test___setstate___empty" time="0.000"></testcase><testcase classname="persistent.tests.test_persistence.CPersistentTests" name="test___setstate___nonempty" time="0.000"></testcase><testcase classname="persistent.tests.test_persistence.CPersistentTests" name="test___setstate___nonempty_derived_w_dict" time="0.000"></testcase><testcase classname="persistent.tests.test_persistence.CPersistentTests" name="test___setstate___nonempty_derived_w_dict_w_two_keys" time="0.000"></testcase><testcase classname="persistent.tests.test_persistence.CPersistentTests" name="test__ancient_dict_layout_bug" time="0.000"></testcase><testcase classname="persistent.tests.test_persistence.CPersistentTests" name="test__p_activate_from_ghost" time="0.000"></testcase><testcase classname="persistent.tests.test_persistence.CPersistentTests" name="test__p_activate_from_saved" time="0.000"></testcase><testcase classname="persistent.tests.test_persistence.CPersistentTests" name="test__p_activate_from_unsaved" time="0.000"></testcase><testcase classname="persistent.tests.test_persistence.CPersistentTests" name="test__p_activate_only_sets_state_once" time="0.000"></testcase><testcase classname="persistent.tests.test_persistence.CPersistentTests" name="test__p_activate_w_broken_jar" time="0.000"></testcase><testcase classname="persistent.tests.test_persistence.CPersistentTests" name="test__p_deactivate_from_changed" time="0.000"></testcase><testcase classname="persistent.tests.test_persistence.CPersistentTests" name="test__p_deactivate_from_changed_w_dict" time="0.000"></testcase><testcase classname="persistent.tests.test_persistence.CPersistentTests" name="test__p_deactivate_from_ghost" time="0.000"></testcase><testcase classname="persistent.tests.test_persistence.CPersistentTests" name="test__p_deactivate_from_saved" time="0.000"></testcase><testcase classname="persistent.tests.test_persistence.CPersistentTests" name="test__p_deactivate_from_saved_w_dict" time="0.000"></testcase><testcase classname="persistent.tests.test_persistence.CPersistentTests" name="test__p_deactivate_from_unsaved" time="0.000"></testcase><testcase classname="persistent.tests.test_persistence.CPersistentTests" name="test__p_deactivate_from_unsaved_w_dict" time="0.000"></testcase><testcase classname="persistent.tests.test_persistence.CPersistentTests" name="test__p_deactivate_when_sticky" time="0.000"></testcase><testcase classname="persistent.tests.test_persistence.CPersistentTests" name="test__p_delattr_w__p__names" time="0.000"></testcase><testcase classname="persistent.tests.test_persistence.CPersistentTests" name="test__p_delattr_w_normal_name" time="0.000"></testcase><testcase classname="persistent.tests.test_persistence.CPersistentTests" name="test__p_getattr_w__p__names" time="0.000"></testcase><testcase classname="persistent.tests.test_persistence.CPersistentTests" name="test__p_getattr_w_normal_name" time="0.000"></testcase><testcase classname="persistent.tests.test_persistence.CPersistentTests" name="test__p_getattr_w_special_names" time="0.000"></testcase><testcase classname="persistent.tests.test_persistence.CPersistentTests" name="test__p_invalidate_from_changed" time="0.000"></testcase><testcase classname="persistent.tests.test_persistence.CPersistentTests" name="test__p_invalidate_from_changed_w_dict" time="0.000"></testcase><testcase classname="persistent.tests.test_persistence.CPersistentTests" name="test__p_invalidate_from_ghost" time="0.000"></testcase><testcase classname="persistent.tests.test_persistence.CPersistentTests" name="test__p_invalidate_from_saved" time="0.000"></testcase><testcase classname="persistent.tests.test_persistence.CPersistentTests" name="test__p_invalidate_from_saved_w_dict" time="0.000"></testcase><testcase classname="persistent.tests.test_persistence.CPersistentTests" name="test__p_invalidate_from_sticky" time="0.000"></testcase><testcase classname="persistent.tests.test_persistence.CPersistentTests" name="test__p_invalidate_from_sticky_w_dict" time="0.000"></testcase><testcase classname="persistent.tests.test_persistence.CPersistentTests" name="test__p_invalidate_from_unsaved" time="0.000"></testcase><testcase classname="persistent.tests.test_persistence.CPersistentTests" name="test__p_invalidate_from_unsaved_w_dict" time="0.000"></testcase><testcase classname="persistent.tests.test_persistence.CPersistentTests" name="test__p_mtime_no_serial" time="0.000"></testcase><testcase classname="persistent.tests.test_persistence.CPersistentTests" name="test__p_mtime_w_serial" time="0.000"></testcase><testcase classname="persistent.tests.test_persistence.CPersistentTests" name="test__p_setattr_w__p__name" time="0.000"></testcase><testcase classname="persistent.tests.test_persistence.CPersistentTests" name="test__p_setattr_w_normal_name" time="0.000"></testcase><testcase classname="persistent.tests.test_persistence.CPersistentTests" name="test__p_state_changed" time="0.000"></testcase><testcase classname="persistent.tests.test_persistence.CPersistentTests" name="test__p_state_changed_sticky" time="0.000"></testcase><testcase classname="persistent.tests.test_persistence.CPersistentTests" name="test__p_state_ghost" time="0.000"></testcase><testcase classname="persistent.tests.test_persistence.CPersistentTests" name="test__p_state_saved" time="0.000"></testcase><testcase classname="persistent.tests.test_persistence.CPersistentTests" name="test__p_state_saved_sticky" time="0.000"></testcase><testcase classname="persistent.tests.test_persistence.CPersistentTests" name="test__p_state_unsaved" time="0.000"></testcase><testcase classname="persistent.tests.test_persistence.CPersistentTests" name="test__p_status_changed" time="0.000"></testcase><testcase classname="persistent.tests.test_persistence.CPersistentTests" name="test__p_status_changed_sticky" time="0.000"></testcase><testcase classname="persistent.tests.test_persistence.CPersistentTests" name="test__p_status_ghost" time="0.000"></testcase><testcase classname="persistent.tests.test_persistence.CPersistentTests" name="test__p_status_saved" time="0.000"></testcase><testcase classname="persistent.tests.test_persistence.CPersistentTests" name="test__p_status_saved_sticky" time="0.000"></testcase><testcase classname="persistent.tests.test_persistence.CPersistentTests" name="test__p_status_unsaved" time="0.000"></testcase><testcase classname="persistent.tests.test_persistence.CPersistentTests" name="test_assign_p_changed_false_from_changed" time="0.000"></testcase><testcase classname="persistent.tests.test_persistence.CPersistentTests" name="test_assign_p_changed_false_from_ghost" time="0.000"></testcase><testcase classname="persistent.tests.test_persistence.CPersistentTests" name="test_assign_p_changed_false_from_saved" time="0.000"></testcase><testcase classname="persistent.tests.test_persistence.CPersistentTests" name="test_assign_p_changed_false_from_unsaved" time="0.000"></testcase><testcase classname="persistent.tests.test_persistence.CPersistentTests" name="test_assign_p_changed_none_from_changed" time="0.000"></testcase><testcase classname="persistent.tests.test_persistence.CPersistentTests" name="test_assign_p_changed_none_from_ghost" time="0.000"></testcase><testcase classname="persistent.tests.test_persistence.CPersistentTests" name="test_assign_p_changed_none_from_saved" time="0.000"></testcase><testcase classname="persistent.tests.test_persistence.CPersistentTests" name="test_assign_p_changed_none_from_unsaved" time="0.000"></testcase><testcase classname="persistent.tests.test_persistence.CPersistentTests" name="test_assign_p_changed_none_when_sticky" time="0.000"></testcase><testcase classname="persistent.tests.test_persistence.CPersistentTests" name="test_assign_p_changed_true_from_changed" time="0.000"></testcase><testcase classname="persistent.tests.test_persistence.CPersistentTests" name="test_assign_p_changed_true_from_ghost" time="0.000"></testcase><testcase classname="persistent.tests.test_persistence.CPersistentTests" name="test_assign_p_changed_true_from_saved" time="0.000"></testcase><testcase classname="persistent.tests.test_persistence.CPersistentTests" name="test_assign_p_changed_true_from_unsaved" time="0.000"></testcase><testcase classname="persistent.tests.test_persistence.CPersistentTests" name="test_assign_p_estimated_size_bigger" time="0.000"></testcase><testcase classname="persistent.tests.test_persistence.CPersistentTests" name="test_assign_p_estimated_size_just_over_threshold" time="0.000"></testcase><testcase classname="persistent.tests.test_persistence.CPersistentTests" name="test_assign_p_estimated_size_negative" time="0.000"></testcase><testcase classname="persistent.tests.test_persistence.CPersistentTests" name="test_assign_p_estimated_size_small" time="0.000"></testcase><testcase classname="persistent.tests.test_persistence.CPersistentTests" name="test_assign_p_estimated_size_wrong_type" time="0.000"></testcase><testcase classname="persistent.tests.test_persistence.CPersistentTests" name="test_assign_p_jar_w_new_jar" time="0.000"></testcase><testcase classname="persistent.tests.test_persistence.CPersistentTests" name="test_assign_p_jar_w_valid_jar" time="0.000"></testcase><testcase classname="persistent.tests.test_persistence.CPersistentTests" name="test_assign_p_oid_w_invalid_oid" time="0.000"></testcase><testcase classname="persistent.tests.test_persistence.CPersistentTests" name="test_assign_p_oid_w_new_oid_w_jar" time="0.000"></testcase><testcase classname="persistent.tests.test_persistence.CPersistentTests" name="test_assign_p_oid_w_new_oid_wo_jar" time="0.000"></testcase><testcase classname="persistent.tests.test_persistence.CPersistentTests" name="test_assign_p_oid_w_valid_oid" time="0.000"></testcase><testcase classname="persistent.tests.test_persistence.CPersistentTests" name="test_assign_p_serial_too_long" time="0.000"></testcase><testcase classname="persistent.tests.test_persistence.CPersistentTests" name="test_assign_p_serial_too_short" time="0.000"></testcase><testcase classname="persistent.tests.test_persistence.CPersistentTests" name="test_assign_p_serial_w_None" time="0.000"></testcase><testcase classname="persistent.tests.test_persistence.CPersistentTests" name="test_assign_p_serial_w_invalid_type" time="0.000"></testcase><testcase classname="persistent.tests.test_persistence.CPersistentTests" name="test_assign_p_serial_w_valid_serial" time="0.000"></testcase><testcase classname="persistent.tests.test_persistence.CPersistentTests" name="test_assign_p_sticky_false_non_ghost" time="0.000"></testcase><testcase classname="persistent.tests.test_persistence.CPersistentTests" name="test_assign_p_sticky_false_when_ghost" time="0.000"></testcase><testcase classname="persistent.tests.test_persistence.CPersistentTests" name="test_assign_p_sticky_true_non_ghost" time="0.000"></testcase><testcase classname="persistent.tests.test_persistence.CPersistentTests" name="test_assign_p_sticky_true_when_ghost" time="0.000"></testcase><testcase classname="persistent.tests.test_persistence.CPersistentTests" name="test_class_conforms_to_IPersistent" time="0.000"></testcase><testcase classname="persistent.tests.test_persistence.CPersistentTests" name="test_ctor" time="0.000"></testcase><testcase classname="persistent.tests.test_persistence.CPersistentTests" name="test_del_jar_like_ZODB_abort" time="0.000"></testcase><testcase classname="persistent.tests.test_persistence.CPersistentTests" name="test_del_jar_while_in_cache" time="0.001"></testcase><testcase classname="persistent.tests.test_persistence.CPersistentTests" name="test_del_oid_like_ZODB_abort" time="0.000"></testcase><testcase classname="persistent.tests.test_persistence.CPersistentTests" name="test_delete_p_changed_from_changed" time="0.000"></testcase><testcase classname="persistent.tests.test_persistence.CPersistentTests" name="test_delete_p_changed_from_ghost" time="0.000"></testcase><testcase classname="persistent.tests.test_persistence.CPersistentTests" name="test_delete_p_changed_from_saved" time="0.000"></testcase><testcase classname="persistent.tests.test_persistence.CPersistentTests" name="test_delete_p_changed_from_unsaved" time="0.000"></testcase><testcase classname="persistent.tests.test_persistence.CPersistentTests" name="test_delete_p_changed_from_unsaved_w_dict" time="0.000"></testcase><testcase classname="persistent.tests.test_persistence.CPersistentTests" name="test_delete_p_changed_when_sticky" time="0.000"></testcase><testcase classname="persistent.tests.test_persistence.CPersistentTests" name="test_delete_p_oid_w_jar" time="0.000"></testcase><testcase classname="persistent.tests.test_persistence.CPersistentTests" name="test_delete_p_oid_wo_jar" time="0.000"></testcase><testcase classname="persistent.tests.test_persistence.CPersistentTests" name="test_delete_p_serial" time="0.000"></testcase><testcase classname="persistent.tests.test_persistence.CPersistentTests" name="test_instance_conforms_to_IPersistent" time="0.000"></testcase><testcase classname="persistent.tests.test_persistence.CPersistentTests" name="test_pickle_roundtrip_simple" time="0.001"></testcase><testcase classname="persistent.tests.test_persistence.CPersistentTests" name="test_pickle_roundtrip_w_getnewargs_and_getstate" time="0.000"></testcase><testcase classname="persistent.tests.test_persistence.CPersistentTests" name="test_pickle_roundtrip_w_slots_and_empty_dict" time="0.001"></testcase><testcase classname="persistent.tests.test_persistence.CPersistentTests" name="test_pickle_roundtrip_w_slots_and_filled_dict" time="0.001"></testcase><testcase classname="persistent.tests.test_persistence.CPersistentTests" name="test_pickle_roundtrip_w_slots_filled_slot" time="0.001"></testcase><testcase classname="persistent.tests.test_persistence.CPersistentTests" name="test_pickle_roundtrip_w_slots_missing_slot" time="0.001"></testcase><testcase classname="persistent.tests.test_persistence.CPersistentTests" name="test_query_p_changed_changed" time="0.000"></testcase><testcase classname="persistent.tests.test_persistence.CPersistentTests" name="test_query_p_changed_ghost" time="0.000"></testcase><testcase classname="persistent.tests.test_persistence.CPersistentTests" name="test_query_p_changed_saved" time="0.000"></testcase><testcase classname="persistent.tests.test_persistence.CPersistentTests" name="test_query_p_changed_unsaved" time="0.000"></testcase><testcase classname="persistent.tests.test_persistence.CPersistentTests" name="test_query_p_estimated_size_del" time="0.000"></testcase><testcase classname="persistent.tests.test_persistence.CPersistentTests" name="test_query_p_estimated_size_new" time="0.000"></testcase><testcase classname="persistent.tests.test_persistence.CPersistentTests" name="test_set__p_changed_w_broken_jar" time="0.000"></testcase><testcase classname="persistent.tests.test_persistence.CPersistentTests" name="test_setattr_in_subclass_is_not_called_creating_an_instance" time="0.000"></testcase><testcase classname="persistent.tests.test_persistence.CPersistentTests" name="test_w_alternate_metaclass" time="0.000"></testcase><testcase classname="persistent.tests.test_persistence.CPersistentTests" name="test_w_diamond_inheritance" time="0.000"></testcase><testcase classname="persistent.tests.test_persistence.PyPersistentTests" name="test___delattr___p__names" time="0.000"></testcase><testcase classname="persistent.tests.test_persistence.PyPersistentTests" name="test___delattr__normal_name_from_changed" time="0.000"></testcase><testcase classname="persistent.tests.test_persistence.PyPersistentTests" name="test___delattr__normal_name_from_ghost" time="0.000"></testcase><testcase classname="persistent.tests.test_persistence.PyPersistentTests" name="test___delattr__normal_name_from_saved" time="0.000"></testcase><testcase classname="persistent.tests.test_persistence.PyPersistentTests" name="test___delattr__normal_name_from_unsaved" time="0.000"></testcase><testcase classname="persistent.tests.test_persistence.PyPersistentTests" name="test___getattribute___p__names" time="0.000"></testcase><testcase classname="persistent.tests.test_persistence.PyPersistentTests" name="test___getattribute__normal_name_from_changed" time="0.000"></testcase><testcase classname="persistent.tests.test_persistence.PyPersistentTests" name="test___getattribute__normal_name_from_ghost" time="0.000"></testcase><testcase classname="persistent.tests.test_persistence.PyPersistentTests" name="test___getattribute__normal_name_from_saved" time="0.000"></testcase><testcase classname="persistent.tests.test_persistence.PyPersistentTests" name="test___getattribute__normal_name_from_unsaved" time="0.000"></testcase><testcase classname="persistent.tests.test_persistence.PyPersistentTests" name="test___getattribute__special_name" time="0.000"></testcase><testcase classname="persistent.tests.test_persistence.PyPersistentTests" name="test___getstate__" time="0.000"></testcase><testcase classname="persistent.tests.test_persistence.PyPersistentTests" name="test___getstate___derived_w_dict" time="0.000"></testcase><testcase classname="persistent.tests.test_persistence.PyPersistentTests" name="test___getstate___derived_w_slots" time="0.000"></testcase><testcase classname="persistent.tests.test_persistence.PyPersistentTests" name="test___getstate___derived_w_slots_in_base_and_derived" time="0.000"></testcase><testcase classname="persistent.tests.test_persistence.PyPersistentTests" name="test___getstate___derived_w_slots_in_base_but_not_derived" time="0.000"></testcase><testcase classname="persistent.tests.test_persistence.PyPersistentTests" name="test___reduce__" time="0.000"></testcase><testcase classname="persistent.tests.test_persistence.PyPersistentTests" name="test___reduce__w_subclass_having_getnewargs" time="0.000"></testcase><testcase classname="persistent.tests.test_persistence.PyPersistentTests" name="test___reduce__w_subclass_having_getnewargs_and_getstate" time="0.000"></testcase><testcase classname="persistent.tests.test_persistence.PyPersistentTests" name="test___reduce__w_subclass_having_getstate" time="0.000"></testcase><testcase classname="persistent.tests.test_persistence.PyPersistentTests" name="test___setattr___p__names" time="0.000"></testcase><testcase classname="persistent.tests.test_persistence.PyPersistentTests" name="test___setattr___v__name" time="0.000"></testcase><testcase classname="persistent.tests.test_persistence.PyPersistentTests" name="test___setattr__normal_name_from_changed" time="0.000"></testcase><testcase classname="persistent.tests.test_persistence.PyPersistentTests" name="test___setattr__normal_name_from_ghost" time="0.000"></testcase><testcase classname="persistent.tests.test_persistence.PyPersistentTests" name="test___setattr__normal_name_from_saved" time="0.000"></testcase><testcase classname="persistent.tests.test_persistence.PyPersistentTests" name="test___setattr__normal_name_from_unsaved" time="0.000"></testcase><testcase classname="persistent.tests.test_persistence.PyPersistentTests" name="test___setstate___derived_w_slots" time="0.000"></testcase><testcase classname="persistent.tests.test_persistence.PyPersistentTests" name="test___setstate___derived_w_slots_in_base_but_not_derived" time="0.000"></testcase><testcase classname="persistent.tests.test_persistence.PyPersistentTests" name="test___setstate___derived_w_slots_in_base_classes" time="0.000"></testcase><testcase classname="persistent.tests.test_persistence.PyPersistentTests" name="test___setstate___empty" time="0.000"></testcase><testcase classname="persistent.tests.test_persistence.PyPersistentTests" name="test___setstate___nonempty" time="0.000"></testcase><testcase classname="persistent.tests.test_persistence.PyPersistentTests" name="test___setstate___nonempty_derived_w_dict" time="0.000"></testcase><testcase classname="persistent.tests.test_persistence.PyPersistentTests" name="test___setstate___nonempty_derived_w_dict_w_two_keys" time="0.000"></testcase><testcase classname="persistent.tests.test_persistence.PyPersistentTests" name="test__ancient_dict_layout_bug" time="0.000"></testcase><testcase classname="persistent.tests.test_persistence.PyPersistentTests" name="test__p_activate_from_ghost" time="0.000"></testcase><testcase classname="persistent.tests.test_persistence.PyPersistentTests" name="test__p_activate_from_saved" time="0.000"></testcase><testcase classname="persistent.tests.test_persistence.PyPersistentTests" name="test__p_activate_from_unsaved" time="0.000"></testcase><testcase classname="persistent.tests.test_persistence.PyPersistentTests" name="test__p_activate_only_sets_state_once" time="0.000"></testcase><testcase classname="persistent.tests.test_persistence.PyPersistentTests" name="test__p_activate_w_broken_jar" time="0.000"></testcase><testcase classname="persistent.tests.test_persistence.PyPersistentTests" name="test__p_deactivate_from_changed" time="0.000"></testcase><testcase classname="persistent.tests.test_persistence.PyPersistentTests" name="test__p_deactivate_from_changed_w_dict" time="0.000"></testcase><testcase classname="persistent.tests.test_persistence.PyPersistentTests" name="test__p_deactivate_from_ghost" time="0.000"></testcase><testcase classname="persistent.tests.test_persistence.PyPersistentTests" name="test__p_deactivate_from_saved" time="0.000"></testcase><testcase classname="persistent.tests.test_persistence.PyPersistentTests" name="test__p_deactivate_from_saved_w_dict" time="0.000"></testcase><testcase classname="persistent.tests.test_persistence.PyPersistentTests" name="test__p_deactivate_from_unsaved" time="0.000"></testcase><testcase classname="persistent.tests.test_persistence.PyPersistentTests" name="test__p_deactivate_from_unsaved_w_dict" time="0.000"></testcase><testcase classname="persistent.tests.test_persistence.PyPersistentTests" name="test__p_deactivate_when_sticky" time="0.000"></testcase><testcase classname="persistent.tests.test_persistence.PyPersistentTests" name="test__p_delattr_w__p__names" time="0.000"></testcase><testcase classname="persistent.tests.test_persistence.PyPersistentTests" name="test__p_delattr_w_normal_name" time="0.000"></testcase><testcase classname="persistent.tests.test_persistence.PyPersistentTests" name="test__p_getattr_w__p__names" time="0.000"></testcase><testcase classname="persistent.tests.test_persistence.PyPersistentTests" name="test__p_getattr_w_normal_name" time="0.000"></testcase><testcase classname="persistent.tests.test_persistence.PyPersistentTests" name="test__p_getattr_w_special_names" time="0.000"></testcase><testcase classname="persistent.tests.test_persistence.PyPersistentTests" name="test__p_invalidate_from_changed" time="0.000"></testcase><testcase classname="persistent.tests.test_persistence.PyPersistentTests" name="test__p_invalidate_from_changed_w_dict" time="0.000"></testcase><testcase classname="persistent.tests.test_persistence.PyPersistentTests" name="test__p_invalidate_from_ghost" time="0.000"></testcase><testcase classname="persistent.tests.test_persistence.PyPersistentTests" name="test__p_invalidate_from_saved" time="0.000"></testcase><testcase classname="persistent.tests.test_persistence.PyPersistentTests" name="test__p_invalidate_from_saved_w_dict" time="0.001"></testcase><testcase classname="persistent.tests.test_persistence.PyPersistentTests" name="test__p_invalidate_from_sticky" time="0.000"></testcase><testcase classname="persistent.tests.test_persistence.PyPersistentTests" name="test__p_invalidate_from_sticky_w_dict" time="0.000"></testcase><testcase classname="persistent.tests.test_persistence.PyPersistentTests" name="test__p_invalidate_from_unsaved" time="0.000"></testcase><testcase classname="persistent.tests.test_persistence.PyPersistentTests" name="test__p_invalidate_from_unsaved_w_dict" time="0.000"></testcase><testcase classname="persistent.tests.test_persistence.PyPersistentTests" name="test__p_mtime_no_serial" time="0.000"></testcase><testcase classname="persistent.tests.test_persistence.PyPersistentTests" name="test__p_mtime_w_serial" time="0.000"></testcase><testcase classname="persistent.tests.test_persistence.PyPersistentTests" name="test__p_setattr_w__p__name" time="0.000"></testcase><testcase classname="persistent.tests.test_persistence.PyPersistentTests" name="test__p_setattr_w_normal_name" time="0.000"></testcase><testcase classname="persistent.tests.test_persistence.PyPersistentTests" name="test__p_state_changed" time="0.000"></testcase><testcase classname="persistent.tests.test_persistence.PyPersistentTests" name="test__p_state_changed_sticky" time="0.000"></testcase><testcase classname="persistent.tests.test_persistence.PyPersistentTests" name="test__p_state_ghost" time="0.000"></testcase><testcase classname="persistent.tests.test_persistence.PyPersistentTests" name="test__p_state_saved" time="0.000"></testcase><testcase classname="persistent.tests.test_persistence.PyPersistentTests" name="test__p_state_saved_sticky" time="0.000"></testcase><testcase classname="persistent.tests.test_persistence.PyPersistentTests" name="test__p_state_unsaved" time="0.000"></testcase><testcase classname="persistent.tests.test_persistence.PyPersistentTests" name="test__p_status_changed" time="0.000"></testcase><testcase classname="persistent.tests.test_persistence.PyPersistentTests" name="test__p_status_changed_sticky" time="0.000"></testcase><testcase classname="persistent.tests.test_persistence.PyPersistentTests" name="test__p_status_ghost" time="0.000"></testcase><testcase classname="persistent.tests.test_persistence.PyPersistentTests" name="test__p_status_saved" time="0.000"></testcase><testcase classname="persistent.tests.test_persistence.PyPersistentTests" name="test__p_status_saved_sticky" time="0.000"></testcase><testcase classname="persistent.tests.test_persistence.PyPersistentTests" name="test__p_status_unsaved" time="0.000"></testcase><testcase classname="persistent.tests.test_persistence.PyPersistentTests" name="test_accessed_with_jar_and_oid_but_not_in_cache" time="0.000"></testcase><testcase classname="persistent.tests.test_persistence.PyPersistentTests" name="test_assign_p_changed_false_from_changed" time="0.000"></testcase><testcase classname="persistent.tests.test_persistence.PyPersistentTests" name="test_assign_p_changed_false_from_ghost" time="0.000"></testcase><testcase classname="persistent.tests.test_persistence.PyPersistentTests" name="test_assign_p_changed_false_from_saved" time="0.000"></testcase><testcase classname="persistent.tests.test_persistence.PyPersistentTests" name="test_assign_p_changed_false_from_unsaved" time="0.000"></testcase><testcase classname="persistent.tests.test_persistence.PyPersistentTests" name="test_assign_p_changed_none_from_changed" time="0.000"></testcase><testcase classname="persistent.tests.test_persistence.PyPersistentTests" name="test_assign_p_changed_none_from_ghost" time="0.000"></testcase><testcase classname="persistent.tests.test_persistence.PyPersistentTests" name="test_assign_p_changed_none_from_saved" time="0.000"></testcase><testcase classname="persistent.tests.test_persistence.PyPersistentTests" name="test_assign_p_changed_none_from_unsaved" time="0.000"></testcase><testcase classname="persistent.tests.test_persistence.PyPersistentTests" name="test_assign_p_changed_none_when_sticky" time="0.000"></testcase><testcase classname="persistent.tests.test_persistence.PyPersistentTests" name="test_assign_p_changed_true_from_changed" time="0.000"></testcase><testcase classname="persistent.tests.test_persistence.PyPersistentTests" name="test_assign_p_changed_true_from_ghost" time="0.000"></testcase><testcase classname="persistent.tests.test_persistence.PyPersistentTests" name="test_assign_p_changed_true_from_saved" time="0.000"></testcase><testcase classname="persistent.tests.test_persistence.PyPersistentTests" name="test_assign_p_changed_true_from_unsaved" time="0.000"></testcase><testcase classname="persistent.tests.test_persistence.PyPersistentTests" name="test_assign_p_estimated_size_bigger" time="0.000"></testcase><testcase classname="persistent.tests.test_persistence.PyPersistentTests" name="test_assign_p_estimated_size_just_over_threshold" time="0.000"></testcase><testcase classname="persistent.tests.test_persistence.PyPersistentTests" name="test_assign_p_estimated_size_negative" time="0.000"></testcase><testcase classname="persistent.tests.test_persistence.PyPersistentTests" name="test_assign_p_estimated_size_small" time="0.000"></testcase><testcase classname="persistent.tests.test_persistence.PyPersistentTests" name="test_assign_p_estimated_size_wrong_type" time="0.000"></testcase><testcase classname="persistent.tests.test_persistence.PyPersistentTests" name="test_assign_p_jar_w_new_jar" time="0.000"></testcase><testcase classname="persistent.tests.test_persistence.PyPersistentTests" name="test_assign_p_jar_w_valid_jar" time="0.000"></testcase><testcase classname="persistent.tests.test_persistence.PyPersistentTests" name="test_assign_p_oid_w_invalid_oid" time="0.000"></testcase><testcase classname="persistent.tests.test_persistence.PyPersistentTests" name="test_assign_p_oid_w_new_oid_w_jar" time="0.000"></testcase><testcase classname="persistent.tests.test_persistence.PyPersistentTests" name="test_assign_p_oid_w_new_oid_wo_jar" time="0.000"></testcase><testcase classname="persistent.tests.test_persistence.PyPersistentTests" name="test_assign_p_oid_w_valid_oid" time="0.000"></testcase><testcase classname="persistent.tests.test_persistence.PyPersistentTests" name="test_assign_p_serial_too_long" time="0.000"></testcase><testcase classname="persistent.tests.test_persistence.PyPersistentTests" name="test_assign_p_serial_too_short" time="0.000"></testcase><testcase classname="persistent.tests.test_persistence.PyPersistentTests" name="test_assign_p_serial_w_None" time="0.000"></testcase><testcase classname="persistent.tests.test_persistence.PyPersistentTests" name="test_assign_p_serial_w_invalid_type" time="0.000"></testcase><testcase classname="persistent.tests.test_persistence.PyPersistentTests" name="test_assign_p_serial_w_valid_serial" time="0.000"></testcase><testcase classname="persistent.tests.test_persistence.PyPersistentTests" name="test_assign_p_sticky_false_non_ghost" time="0.000"></testcase><testcase classname="persistent.tests.test_persistence.PyPersistentTests" name="test_assign_p_sticky_false_when_ghost" time="0.000"></testcase><testcase classname="persistent.tests.test_persistence.PyPersistentTests" name="test_assign_p_sticky_true_non_ghost" time="0.000"></testcase><testcase classname="persistent.tests.test_persistence.PyPersistentTests" name="test_assign_p_sticky_true_when_ghost" time="0.000"></testcase><testcase classname="persistent.tests.test_persistence.PyPersistentTests" name="test_class_conforms_to_IPersistent" time="0.000"></testcase><testcase classname="persistent.tests.test_persistence.PyPersistentTests" name="test_ctor" time="0.000"></testcase><testcase classname="persistent.tests.test_persistence.PyPersistentTests" name="test_del_jar_like_ZODB_abort" time="0.000"></testcase><testcase classname="persistent.tests.test_persistence.PyPersistentTests" name="test_del_jar_while_in_cache" time="0.000"></testcase><testcase classname="persistent.tests.test_persistence.PyPersistentTests" name="test_del_oid_like_ZODB_abort" time="0.000"></testcase><testcase classname="persistent.tests.test_persistence.PyPersistentTests" name="test_delete_p_changed_from_changed" time="0.000"></testcase><testcase classname="persistent.tests.test_persistence.PyPersistentTests" name="test_delete_p_changed_from_ghost" time="0.000"></testcase><testcase classname="persistent.tests.test_persistence.PyPersistentTests" name="test_delete_p_changed_from_saved" time="0.000"></testcase><testcase classname="persistent.tests.test_persistence.PyPersistentTests" name="test_delete_p_changed_from_unsaved" time="0.000"></testcase><testcase classname="persistent.tests.test_persistence.PyPersistentTests" name="test_delete_p_changed_from_unsaved_w_dict" time="0.000"></testcase><testcase classname="persistent.tests.test_persistence.PyPersistentTests" name="test_delete_p_changed_when_sticky" time="0.000"></testcase><testcase classname="persistent.tests.test_persistence.PyPersistentTests" name="test_delete_p_oid_w_jar" time="0.000"></testcase><testcase classname="persistent.tests.test_persistence.PyPersistentTests" name="test_delete_p_oid_wo_jar" time="0.000"></testcase><testcase classname="persistent.tests.test_persistence.PyPersistentTests" name="test_delete_p_serial" time="0.000"></testcase><testcase classname="persistent.tests.test_persistence.PyPersistentTests" name="test_instance_conforms_to_IPersistent" time="0.000"></testcase><testcase classname="persistent.tests.test_persistence.PyPersistentTests" name="test_pickle_roundtrip_simple" time="0.000"></testcase><testcase classname="persistent.tests.test_persistence.PyPersistentTests" name="test_pickle_roundtrip_w_getnewargs_and_getstate" time="0.000"></testcase><testcase classname="persistent.tests.test_persistence.PyPersistentTests" name="test_pickle_roundtrip_w_slots_and_empty_dict" time="0.001"></testcase><testcase classname="persistent.tests.test_persistence.PyPersistentTests" name="test_pickle_roundtrip_w_slots_and_filled_dict" time="0.001"></testcase><testcase classname="persistent.tests.test_persistence.PyPersistentTests" name="test_pickle_roundtrip_w_slots_filled_slot" time="0.001"></testcase><testcase classname="persistent.tests.test_persistence.PyPersistentTests" name="test_pickle_roundtrip_w_slots_missing_slot" time="0.001"></testcase><testcase classname="persistent.tests.test_persistence.PyPersistentTests" name="test_query_p_changed_changed" time="0.000"></testcase><testcase classname="persistent.tests.test_persistence.PyPersistentTests" name="test_query_p_changed_ghost" time="0.000"></testcase><testcase classname="persistent.tests.test_persistence.PyPersistentTests" name="test_query_p_changed_saved" time="0.000"></testcase><testcase classname="persistent.tests.test_persistence.PyPersistentTests" name="test_query_p_changed_unsaved" time="0.000"></testcase><testcase classname="persistent.tests.test_persistence.PyPersistentTests" name="test_query_p_estimated_size_del" time="0.000"></testcase><testcase classname="persistent.tests.test_persistence.PyPersistentTests" name="test_query_p_estimated_size_new" time="0.000"></testcase><testcase classname="persistent.tests.test_persistence.PyPersistentTests" name="test_set__p_changed_w_broken_jar" time="0.000"></testcase><testcase classname="persistent.tests.test_persistence.PyPersistentTests" name="test_setattr_in_subclass_is_not_called_creating_an_instance" time="0.000"></testcase><testcase classname="persistent.tests.test_persistence.PyPersistentTests" name="test_w_alternate_metaclass" time="0.000"></testcase><testcase classname="persistent.tests.test_persistence.PyPersistentTests" name="test_w_diamond_inheritance" time="0.000"></testcase><testcase classname="persistent.tests.test_persistence.Test_simple_new" name="test_w_non_type" time="0.000"></testcase><testcase classname="persistent.tests.test_persistence.Test_simple_new" name="test_w_type" time="0.000"></testcase><testcase classname="persistent.tests.test_persistence" name="test_suite" time="0.002"></testcase><testcase classname="persistent.tests.test_picklecache.PickleCacheTests" name="test___delitem___non_string_oid_raises_ValueError" time="0.000"></testcase><testcase classname="persistent.tests.test_picklecache.PickleCacheTests" name="test___delitem___nonesuch_raises_KeyError" time="0.000"></testcase><testcase classname="persistent.tests.test_picklecache.PickleCacheTests" name="test___delitem___w_ghost" time="0.000"></testcase><testcase classname="persistent.tests.test_picklecache.PickleCacheTests" name="test___delitem___w_normal_object" time="0.000"></testcase><testcase classname="persistent.tests.test_picklecache.PickleCacheTests" name="test___delitem___w_persistent_class" time="0.000"></testcase><testcase classname="persistent.tests.test_picklecache.PickleCacheTests" name="test___delitem___w_remaining_object" time="0.000"></testcase><testcase classname="persistent.tests.test_picklecache.PickleCacheTests" name="test___getitem___nonesuch_raises_KeyError" time="0.000"></testcase><testcase classname="persistent.tests.test_picklecache.PickleCacheTests" name="test___setitem___duplicate_oid_raises_KeyError" time="0.000"></testcase><testcase classname="persistent.tests.test_picklecache.PickleCacheTests" name="test___setitem___ghost" time="0.000"></testcase><testcase classname="persistent.tests.test_picklecache.PickleCacheTests" name="test___setitem___non_ghost" time="0.000"></testcase><testcase classname="persistent.tests.test_picklecache.PickleCacheTests" name="test___setitem___non_string_oid_raises_ValueError" time="0.000"></testcase><testcase classname="persistent.tests.test_picklecache.PickleCacheTests" name="test___setitem___persistent_class" time="0.000"></testcase><testcase classname="persistent.tests.test_picklecache.PickleCacheTests" name="test_class_conforms_to_IPickleCache" time="0.000"></testcase><testcase classname="persistent.tests.test_picklecache.PickleCacheTests" name="test_debug_info_w_ghost" time="0.008"></testcase><testcase classname="persistent.tests.test_picklecache.PickleCacheTests" name="test_debug_info_w_normal_object" time="0.006"></testcase><testcase classname="persistent.tests.test_picklecache.PickleCacheTests" name="test_debug_info_w_persistent_class" time="0.005"></testcase><testcase classname="persistent.tests.test_picklecache.PickleCacheTests" name="test_empty" time="0.000"></testcase><testcase classname="persistent.tests.test_picklecache.PickleCacheTests" name="test_full_sweep" time="0.007"></testcase><testcase classname="persistent.tests.test_picklecache.PickleCacheTests" name="test_get_nonesuch_no_default" time="0.000"></testcase><testcase classname="persistent.tests.test_picklecache.PickleCacheTests" name="test_get_nonesuch_w_default" time="0.000"></testcase><testcase classname="persistent.tests.test_picklecache.PickleCacheTests" name="test_incrgc_simple" time="0.008"></testcase><testcase classname="persistent.tests.test_picklecache.PickleCacheTests" name="test_incrgc_w_larger_drain_resistance" time="0.002"></testcase><testcase classname="persistent.tests.test_picklecache.PickleCacheTests" name="test_incrgc_w_smaller_drain_resistance" time="0.002"></testcase><testcase classname="persistent.tests.test_picklecache.PickleCacheTests" name="test_instance_conforms_to_IPickleCache" time="0.000"></testcase><testcase classname="persistent.tests.test_picklecache.PickleCacheTests" name="test_invalidate_hit_multiple_mixed" time="0.000"></testcase><testcase classname="persistent.tests.test_picklecache.PickleCacheTests" name="test_invalidate_hit_multiple_non_ghost" time="0.000"></testcase><testcase classname="persistent.tests.test_picklecache.PickleCacheTests" name="test_invalidate_hit_pclass" time="0.000"></testcase><testcase classname="persistent.tests.test_picklecache.PickleCacheTests" name="test_invalidate_hit_single_ghost" time="0.000"></testcase><testcase classname="persistent.tests.test_picklecache.PickleCacheTests" name="test_invalidate_hit_single_non_ghost" time="0.000"></testcase><testcase classname="persistent.tests.test_picklecache.PickleCacheTests" name="test_invalidate_miss_multiple" time="0.000"></testcase><testcase classname="persistent.tests.test_picklecache.PickleCacheTests" name="test_invalidate_miss_single" time="0.000"></testcase><testcase classname="persistent.tests.test_picklecache.PickleCacheTests" name="test_lruitems" time="0.000"></testcase><testcase classname="persistent.tests.test_picklecache.PickleCacheTests" name="test_minimize" time="0.008"></testcase><testcase classname="persistent.tests.test_picklecache.PickleCacheTests" name="test_mru_first" time="0.000"></testcase><testcase classname="persistent.tests.test_picklecache.PickleCacheTests" name="test_mru_ghost" time="0.000"></testcase><testcase classname="persistent.tests.test_picklecache.PickleCacheTests" name="test_mru_last" time="0.000"></testcase><testcase classname="persistent.tests.test_picklecache.PickleCacheTests" name="test_mru_nonesuch_raises_KeyError" time="0.000"></testcase><testcase classname="persistent.tests.test_picklecache.PickleCacheTests" name="test_mru_normal" time="0.000"></testcase><testcase classname="persistent.tests.test_picklecache.PickleCacheTests" name="test_mru_was_ghost_now_active" time="0.000"></testcase><testcase classname="persistent.tests.test_picklecache.PickleCacheTests" name="test_new_ghost_non_persistent_object" time="0.000"></testcase><testcase classname="persistent.tests.test_picklecache.PickleCacheTests" name="test_new_ghost_obj_already_has_jar" time="0.000"></testcase><testcase classname="persistent.tests.test_picklecache.PickleCacheTests" name="test_new_ghost_obj_already_has_oid" time="0.000"></testcase><testcase classname="persistent.tests.test_picklecache.PickleCacheTests" name="test_new_ghost_obj_already_in_cache" time="0.000"></testcase><testcase classname="persistent.tests.test_picklecache.PickleCacheTests" name="test_new_ghost_success_already_ghost" time="0.000"></testcase><testcase classname="persistent.tests.test_picklecache.PickleCacheTests" name="test_new_ghost_success_not_already_ghost" time="0.000"></testcase><testcase classname="persistent.tests.test_picklecache.PickleCacheTests" name="test_new_ghost_w_pclass_ghost" time="0.000"></testcase><testcase classname="persistent.tests.test_picklecache.PickleCacheTests" name="test_new_ghost_w_pclass_non_ghost" time="0.000"></testcase><testcase classname="persistent.tests.test_picklecache.PickleCacheTests" name="test_reify_hit_multiple_mixed" time="0.000"></testcase><testcase classname="persistent.tests.test_picklecache.PickleCacheTests" name="test_reify_hit_single_ghost" time="0.000"></testcase><testcase classname="persistent.tests.test_picklecache.PickleCacheTests" name="test_reify_hit_single_non_ghost" time="0.000"></testcase><testcase classname="persistent.tests.test_picklecache.PickleCacheTests" name="test_reify_miss_multiple" time="0.000"></testcase><testcase classname="persistent.tests.test_picklecache.PickleCacheTests" name="test_reify_miss_single" time="0.000"></testcase><testcase classname="persistent.tests.test_picklecache" name="test_suite" time="0.000"></testcase><testcase classname="persistent.tests.test_timestamp.Test__UTC" name="test_dst" time="0.000"></testcase><testcase classname="persistent.tests.test_timestamp.Test__UTC" name="test_fromutc" time="0.000"></testcase><testcase classname="persistent.tests.test_timestamp.Test__UTC" name="test_tzname" time="0.000"></testcase><testcase classname="persistent.tests.test_timestamp.Test__UTC" name="test_utcoffset" time="0.000"></testcase><testcase classname="persistent.tests.test_timestamp.TimeStampTests" name="test_ctor_from_elements" time="0.000"></testcase><testcase classname="persistent.tests.test_timestamp.TimeStampTests" name="test_ctor_from_invalid_strings" time="0.000"></testcase><testcase classname="persistent.tests.test_timestamp.TimeStampTests" name="test_ctor_from_string" time="0.000"></testcase><testcase classname="persistent.tests.test_timestamp.TimeStampTests" name="test_ctor_from_string_non_zero" time="0.000"></testcase><testcase classname="persistent.tests.test_timestamp.TimeStampTests" name="test_ctor_invalid_arglist" time="0.000"></testcase><testcase classname="persistent.tests.test_timestamp.TimeStampTests" name="test_laterThan_invalid" time="0.000"></testcase><testcase classname="persistent.tests.test_timestamp.TimeStampTests" name="test_laterThan_self_is_earlier" time="0.000"></testcase><testcase classname="persistent.tests.test_timestamp.TimeStampTests" name="test_laterThan_self_is_later" time="0.000"></testcase><testcase classname="persistent.tests.test_timestamp.TimeStampTests" name="test_repr" time="0.000"></testcase><testcase classname="persistent.tests.test_timestamp.pyTimeStampTests" name="test_ctor_from_elements" time="0.000"></testcase><testcase classname="persistent.tests.test_timestamp.pyTimeStampTests" name="test_ctor_from_invalid_strings" time="0.000"></testcase><testcase classname="persistent.tests.test_timestamp.pyTimeStampTests" name="test_ctor_from_string" time="0.000"></testcase><testcase classname="persistent.tests.test_timestamp.pyTimeStampTests" name="test_ctor_from_string_non_zero" time="0.000"></testcase><testcase classname="persistent.tests.test_timestamp.pyTimeStampTests" name="test_ctor_invalid_arglist" time="0.000"></testcase><testcase classname="persistent.tests.test_timestamp.pyTimeStampTests" name="test_laterThan_invalid" time="0.000"></testcase><testcase classname="persistent.tests.test_timestamp.pyTimeStampTests" name="test_laterThan_self_is_earlier" time="0.000"></testcase><testcase classname="persistent.tests.test_timestamp.pyTimeStampTests" name="test_laterThan_self_is_later" time="0.000"></testcase><testcase classname="persistent.tests.test_timestamp.pyTimeStampTests" name="test_repr" time="0.000"></testcase><testcase classname="persistent.tests.test_timestamp" name="test_suite" time="0.000"></testcase><testcase classname="persistent.tests.test_wref.PersistentWeakKeyDictionaryTests" name="test___contains___hit" time="0.000"></testcase><testcase classname="persistent.tests.test_wref.PersistentWeakKeyDictionaryTests" name="test___contains___miss" time="0.000"></testcase><testcase classname="persistent.tests.test_wref.PersistentWeakKeyDictionaryTests" name="test___delitem__" time="0.000"></testcase><testcase classname="persistent.tests.test_wref.PersistentWeakKeyDictionaryTests" name="test___delitem___miss" time="0.000"></testcase><testcase classname="persistent.tests.test_wref.PersistentWeakKeyDictionaryTests" name="test___getitem___miss" time="0.000"></testcase><testcase classname="persistent.tests.test_wref.PersistentWeakKeyDictionaryTests" name="test___getstate___empty" time="0.000"></testcase><testcase classname="persistent.tests.test_wref.PersistentWeakKeyDictionaryTests" name="test___getstate___filled" time="0.000"></testcase><testcase classname="persistent.tests.test_wref.PersistentWeakKeyDictionaryTests" name="test___iter___empty" time="0.000"></testcase><testcase classname="persistent.tests.test_wref.PersistentWeakKeyDictionaryTests" name="test___iter___filled" time="0.000"></testcase><testcase classname="persistent.tests.test_wref.PersistentWeakKeyDictionaryTests" name="test___setitem__" time="0.000"></testcase><testcase classname="persistent.tests.test_wref.PersistentWeakKeyDictionaryTests" name="test___setstate___empty" time="0.000"></testcase><testcase classname="persistent.tests.test_wref.PersistentWeakKeyDictionaryTests" name="test_ctor_w_adict_as_dict" time="0.000"></testcase><testcase classname="persistent.tests.test_wref.PersistentWeakKeyDictionaryTests" name="test_ctor_w_adict_as_items" time="0.000"></testcase><testcase classname="persistent.tests.test_wref.PersistentWeakKeyDictionaryTests" name="test_ctor_w_adict_none_no_kwargs" time="0.000"></testcase><testcase classname="persistent.tests.test_wref.PersistentWeakKeyDictionaryTests" name="test_get_miss_w_explicit_default" time="0.000"></testcase><testcase classname="persistent.tests.test_wref.PersistentWeakKeyDictionaryTests" name="test_update_w_dict" time="0.000"></testcase><testcase classname="persistent.tests.test_wref.PersistentWeakKeyDictionaryTests" name="test_update_w_other_pwkd" time="0.000"></testcase><testcase classname="persistent.tests.test_wref.WeakRefTests" name="test___call___target_in_jar" time="0.000"></testcase><testcase classname="persistent.tests.test_wref.WeakRefTests" name="test___call___target_in_volatile" time="0.000"></testcase><testcase classname="persistent.tests.test_wref.WeakRefTests" name="test___call___target_not_in_jar" time="0.000"></testcase><testcase classname="persistent.tests.test_wref.WeakRefTests" name="test___eq___w_both_different_targets" time="0.000"></testcase><testcase classname="persistent.tests.test_wref.WeakRefTests" name="test___eq___w_both_same_target" time="0.000"></testcase><testcase classname="persistent.tests.test_wref.WeakRefTests" name="test___eq___w_lhs_gone_target_in_jar" time="0.000"></testcase><testcase classname="persistent.tests.test_wref.WeakRefTests" name="test___eq___w_lhs_gone_target_not_in_jar" time="0.000"></testcase><testcase classname="persistent.tests.test_wref.WeakRefTests" name="test___eq___w_non_weakref" time="0.000"></testcase><testcase classname="persistent.tests.test_wref.WeakRefTests" name="test___eq___w_rhs_gone_target_in_jar" time="0.000"></testcase><testcase classname="persistent.tests.test_wref.WeakRefTests" name="test___eq___w_rhs_gone_target_not_in_jar" time="0.000"></testcase><testcase classname="persistent.tests.test_wref.WeakRefTests" name="test___hash___w_target" time="0.000"></testcase><testcase classname="persistent.tests.test_wref.WeakRefTests" name="test___hash___wo_target" time="0.000"></testcase><testcase classname="persistent.tests.test_wref.WeakRefTests" name="test_ctor_target_w_jar" time="0.000"></testcase><testcase classname="persistent.tests.test_wref.WeakRefTests" name="test_ctor_target_wo_jar" time="0.000"></testcase><testcase classname="persistent.tests.test_wref" name="test_suite" time="0.000"></testcase></testsuite>