<?xml version="1.0" encoding="UTF-8"?><testsuite name="nosetests" tests="3543" errors="0" failures="0" skip="0"><testcase classname="BTrees.tests.testBTrees.BugFixes" name="testFixed1843" time="0.000"></testcase><testcase classname="BTrees.tests.testBTrees.BugFixes" name="test_LP294788" time="0.273"></testcase><testcase classname="BTrees.tests.testBTrees.DegenerateBTree" name="testBasicOps" time="0.001"></testcase><testcase classname="BTrees.tests.testBTrees.DegenerateBTree" name="testDeletes" time="1.054"></testcase><testcase classname="BTrees.tests.testBTrees.DegenerateBTree" name="testRanges" time="0.004"></testcase><testcase classname="BTrees.tests.testBTrees.FamilyTest" name="test32" time="0.002"></testcase><testcase classname="BTrees.tests.testBTrees.FamilyTest" name="test64" time="0.001"></testcase><testcase classname="BTrees.tests.testBTrees.TestCmpError" name="testFoo" time="0.000"></testcase><testcase classname="BTrees.tests.testBTrees" name="test_suite" time="0.001"></testcase><testcase classname="BTrees.tests.testBTreesUnicode.TestBTreesUnicode" name="testAllKeys" time="0.001"></testcase><testcase classname="BTrees.tests.testBTreesUnicode.TestBTreesUnicode" name="testAsciiKeys" time="0.000"></testcase><testcase classname="BTrees.tests.testBTreesUnicode.TestBTreesUnicode" name="testUnicodeKeys" time="0.000"></testcase><testcase classname="BTrees.tests.testBTreesUnicode" name="test_suite" time="0.000"></testcase><testcase classname="BTrees.tests.testConflict.NastyConfictFunctionalTests" name="testThreeEmptyBucketsNoSegfault" time="0.008"></testcase><testcase classname="BTrees.tests.testConflict" name="test_suite" time="0.000"></testcase><testcase classname="BTrees.tests.test_IFBTree.IFBTreeConflictTests" name="testFailMergeDelete" time="0.001"></testcase><testcase classname="BTrees.tests.test_IFBTree.IFBTreeConflictTests" name="testFailMergeDeleteAndUpdate" time="0.000"></testcase><testcase classname="BTrees.tests.test_IFBTree.IFBTreeConflictTests" name="testFailMergeEmptyAndFill" time="0.000"></testcase><testcase classname="BTrees.tests.test_IFBTree.IFBTreeConflictTests" name="testFailMergeInsert" time="0.000"></testcase><testcase classname="BTrees.tests.test_IFBTree.IFBTreeConflictTests" name="testFailMergeUpdate" time="0.000"></testcase><testcase classname="BTrees.tests.test_IFBTree.IFBTreeConflictTests" name="testMergeDelete" time="0.000"></testcase><testcase classname="BTrees.tests.test_IFBTree.IFBTreeConflictTests" name="testMergeDeleteAndUpdate" time="0.000"></testcase><testcase classname="BTrees.tests.test_IFBTree.IFBTreeConflictTests" name="testMergeEmpty" time="0.000"></testcase><testcase classname="BTrees.tests.test_IFBTree.IFBTreeConflictTests" name="testMergeInserts" time="0.000"></testcase><testcase classname="BTrees.tests.test_IFBTree.IFBTreeConflictTests" name="testMergeInsertsFromEmpty" time="0.000"></testcase><testcase classname="BTrees.tests.test_IFBTree.IFBTreeConflictTests" name="testMergeUpdate" time="0.000"></testcase><testcase classname="BTrees.tests.test_IFBTree.IFBTreePyConflictTests" name="testFailMergeDelete" time="0.004"></testcase><testcase classname="BTrees.tests.test_IFBTree.IFBTreePyConflictTests" name="testFailMergeDeleteAndUpdate" time="0.004"></testcase><testcase classname="BTrees.tests.test_IFBTree.IFBTreePyConflictTests" name="testFailMergeEmptyAndFill" time="0.004"></testcase><testcase classname="BTrees.tests.test_IFBTree.IFBTreePyConflictTests" name="testFailMergeInsert" time="0.004"></testcase><testcase classname="BTrees.tests.test_IFBTree.IFBTreePyConflictTests" name="testFailMergeUpdate" time="0.004"></testcase><testcase classname="BTrees.tests.test_IFBTree.IFBTreePyConflictTests" name="testMergeDelete" time="0.005"></testcase><testcase classname="BTrees.tests.test_IFBTree.IFBTreePyConflictTests" name="testMergeDeleteAndUpdate" time="0.005"></testcase><testcase classname="BTrees.tests.test_IFBTree.IFBTreePyConflictTests" name="testMergeEmpty" time="0.003"></testcase><testcase classname="BTrees.tests.test_IFBTree.IFBTreePyConflictTests" name="testMergeInserts" time="0.004"></testcase><testcase classname="BTrees.tests.test_IFBTree.IFBTreePyConflictTests" name="testMergeInsertsFromEmpty" time="0.004"></testcase><testcase classname="BTrees.tests.test_IFBTree.IFBTreePyConflictTests" name="testMergeUpdate" time="0.005"></testcase><testcase classname="BTrees.tests.test_IFBTree.IFBTreePyTest" name="testBadUpdateTupleSize" time="0.000"></testcase><testcase classname="BTrees.tests.test_IFBTree.IFBTreePyTest" name="testClear" time="0.004"></testcase><testcase classname="BTrees.tests.test_IFBTree.IFBTreePyTest" name="testDamagedIterator" time="0.001"></testcase><testcase classname="BTrees.tests.test_IFBTree.IFBTreePyTest" name="testDeleteInvalidKeyRaisesKeyError" time="0.000"></testcase><testcase classname="BTrees.tests.test_IFBTree.IFBTreePyTest" name="testDeleteNoChildrenWorks" time="0.001"></testcase><testcase classname="BTrees.tests.test_IFBTree.IFBTreePyTest" name="testDeleteOneChildWorks" time="0.001"></testcase><testcase classname="BTrees.tests.test_IFBTree.IFBTreePyTest" name="testDeleteRootWorks" time="0.001"></testcase><testcase classname="BTrees.tests.test_IFBTree.IFBTreePyTest" name="testDeleteTwoChildrenInorderSuccessorWorks" time="0.001"></testcase><testcase classname="BTrees.tests.test_IFBTree.IFBTreePyTest" name="testDeleteTwoChildrenNoInorderSuccessorWorks" time="0.001"></testcase><testcase classname="BTrees.tests.test_IFBTree.IFBTreePyTest" name="testEmptyRangeSearches" time="0.012"></testcase><testcase classname="BTrees.tests.test_IFBTree.IFBTreePyTest" name="testGetItemFails" time="0.000"></testcase><testcase classname="BTrees.tests.test_IFBTree.IFBTreePyTest" name="testGetReturnsDefault" time="0.000"></testcase><testcase classname="BTrees.tests.test_IFBTree.IFBTreePyTest" name="testHasKeyWorks" time="0.000"></testcase><testcase classname="BTrees.tests.test_IFBTree.IFBTreePyTest" name="testInsertMethod" time="0.000"></testcase><testcase classname="BTrees.tests.test_IFBTree.IFBTreePyTest" name="testItemsNegativeIndex" time="0.000"></testcase><testcase classname="BTrees.tests.test_IFBTree.IFBTreePyTest" name="testItemsWorks" time="0.005"></testcase><testcase classname="BTrees.tests.test_IFBTree.IFBTreePyTest" name="testIterators" time="0.020"></testcase><testcase classname="BTrees.tests.test_IFBTree.IFBTreePyTest" name="testKeysNegativeIndex" time="0.000"></testcase><testcase classname="BTrees.tests.test_IFBTree.IFBTreePyTest" name="testKeysWorks" time="0.024"></testcase><testcase classname="BTrees.tests.test_IFBTree.IFBTreePyTest" name="testLen" time="0.040"></testcase><testcase classname="BTrees.tests.test_IFBTree.IFBTreePyTest" name="testMaxKeyMinKey" time="0.001"></testcase><testcase classname="BTrees.tests.test_IFBTree.IFBTreePyTest" name="testPathologicalLeftBranching" time="0.068"></testcase><testcase classname="BTrees.tests.test_IFBTree.IFBTreePyTest" name="testPathologicalRangeSearch" time="0.007"></testcase><testcase classname="BTrees.tests.test_IFBTree.IFBTreePyTest" name="testPathologicalRightBranching" time="0.063"></testcase><testcase classname="BTrees.tests.test_IFBTree.IFBTreePyTest" name="testPop" time="0.001"></testcase><testcase classname="BTrees.tests.test_IFBTree.IFBTreePyTest" name="testRandomDeletes" time="0.111"></testcase><testcase classname="BTrees.tests.test_IFBTree.IFBTreePyTest" name="testRandomNonOverlappingInserts" time="0.003"></testcase><testcase classname="BTrees.tests.test_IFBTree.IFBTreePyTest" name="testRandomOverlappingInserts" time="0.004"></testcase><testcase classname="BTrees.tests.test_IFBTree.IFBTreePyTest" name="testRangeSearchAfterRandomInsert" time="0.004"></testcase><testcase classname="BTrees.tests.test_IFBTree.IFBTreePyTest" name="testRangeSearchAfterSequentialInsert" time="0.007"></testcase><testcase classname="BTrees.tests.test_IFBTree.IFBTreePyTest" name="testRangedIterators" time="0.151"></testcase><testcase classname="BTrees.tests.test_IFBTree.IFBTreePyTest" name="testReplaceWorks" time="0.000"></testcase><testcase classname="BTrees.tests.test_IFBTree.IFBTreePyTest" name="testRepr" time="0.035"></testcase><testcase classname="BTrees.tests.test_IFBTree.IFBTreePyTest" name="testSetItemGetItemWorks" time="0.000"></testcase><testcase classname="BTrees.tests.test_IFBTree.IFBTreePyTest" name="testSetdefault" time="0.000"></testcase><testcase classname="BTrees.tests.test_IFBTree.IFBTreePyTest" name="testSetstateArgumentChecking" time="0.000"></testcase><testcase classname="BTrees.tests.test_IFBTree.IFBTreePyTest" name="testShortRepr" time="0.000"></testcase><testcase classname="BTrees.tests.test_IFBTree.IFBTreePyTest" name="testSimpleExclusivRanges" time="0.005"></testcase><testcase classname="BTrees.tests.test_IFBTree.IFBTreePyTest" name="testSimpleExclusiveKeyRange" time="0.001"></testcase><testcase classname="BTrees.tests.test_IFBTree.IFBTreePyTest" name="testSlicing" time="0.417"></testcase><testcase classname="BTrees.tests.test_IFBTree.IFBTreePyTest" name="testSuccessorChildParentRewriteExerciseCase" time="0.013"></testcase><testcase classname="BTrees.tests.test_IFBTree.IFBTreePyTest" name="testTargetedDeletes" time="0.064"></testcase><testcase classname="BTrees.tests.test_IFBTree.IFBTreePyTest" name="testUpdate" time="0.628"></testcase><testcase classname="BTrees.tests.test_IFBTree.IFBTreePyTest" name="testUpdateFromPersistentMapping" time="0.001"></testcase><testcase classname="BTrees.tests.test_IFBTree.IFBTreePyTest" name="testValuesNegativeIndex" time="0.000"></testcase><testcase classname="BTrees.tests.test_IFBTree.IFBTreePyTest" name="testValuesWorks" time="0.005"></testcase><testcase classname="BTrees.tests.test_IFBTree.IFBTreePyTest" name="testValuesWorks1" time="0.024"></testcase><testcase classname="BTrees.tests.test_IFBTree.IFBTreePyTest" name="test_ctor_defaults" time="0.000"></testcase><testcase classname="BTrees.tests.test_IFBTree.IFBTreePyTest" name="test_ctor_explicit" time="0.000"></testcase><testcase classname="BTrees.tests.test_IFBTree.IFBTreeTest" name="testBadUpdateTupleSize" time="0.000"></testcase><testcase classname="BTrees.tests.test_IFBTree.IFBTreeTest" name="testClear" time="0.000"></testcase><testcase classname="BTrees.tests.test_IFBTree.IFBTreeTest" name="testDamagedIterator" time="0.000"></testcase><testcase classname="BTrees.tests.test_IFBTree.IFBTreeTest" name="testDeleteInvalidKeyRaisesKeyError" time="0.000"></testcase><testcase classname="BTrees.tests.test_IFBTree.IFBTreeTest" name="testDeleteNoChildrenWorks" time="0.000"></testcase><testcase classname="BTrees.tests.test_IFBTree.IFBTreeTest" name="testDeleteOneChildWorks" time="0.000"></testcase><testcase classname="BTrees.tests.test_IFBTree.IFBTreeTest" name="testDeleteRootWorks" time="0.000"></testcase><testcase classname="BTrees.tests.test_IFBTree.IFBTreeTest" name="testDeleteTwoChildrenInorderSuccessorWorks" time="0.000"></testcase><testcase classname="BTrees.tests.test_IFBTree.IFBTreeTest" name="testDeleteTwoChildrenNoInorderSuccessorWorks" time="0.000"></testcase><testcase classname="BTrees.tests.test_IFBTree.IFBTreeTest" name="testEmptyRangeSearches" time="0.000"></testcase><testcase classname="BTrees.tests.test_IFBTree.IFBTreeTest" name="testGetItemFails" time="0.000"></testcase><testcase classname="BTrees.tests.test_IFBTree.IFBTreeTest" name="testGetReturnsDefault" time="0.000"></testcase><testcase classname="BTrees.tests.test_IFBTree.IFBTreeTest" name="testHasKeyWorks" time="0.000"></testcase><testcase classname="BTrees.tests.test_IFBTree.IFBTreeTest" name="testInsertMethod" time="0.000"></testcase><testcase classname="BTrees.tests.test_IFBTree.IFBTreeTest" name="testItemsNegativeIndex" time="0.000"></testcase><testcase classname="BTrees.tests.test_IFBTree.IFBTreeTest" name="testItemsWorks" time="0.001"></testcase><testcase classname="BTrees.tests.test_IFBTree.IFBTreeTest" name="testIterators" time="0.001"></testcase><testcase classname="BTrees.tests.test_IFBTree.IFBTreeTest" name="testKeysNegativeIndex" time="0.000"></testcase><testcase classname="BTrees.tests.test_IFBTree.IFBTreeTest" name="testKeysWorks" time="0.001"></testcase><testcase classname="BTrees.tests.test_IFBTree.IFBTreeTest" name="testLen" time="0.003"></testcase><testcase classname="BTrees.tests.test_IFBTree.IFBTreeTest" name="testMaxKeyMinKey" time="0.000"></testcase><testcase classname="BTrees.tests.test_IFBTree.IFBTreeTest" name="testPathologicalLeftBranching" time="0.002"></testcase><testcase classname="BTrees.tests.test_IFBTree.IFBTreeTest" name="testPathologicalRangeSearch" time="0.001"></testcase><testcase classname="BTrees.tests.test_IFBTree.IFBTreeTest" name="testPathologicalRightBranching" time="0.002"></testcase><testcase classname="BTrees.tests.test_IFBTree.IFBTreeTest" name="testPop" time="0.000"></testcase><testcase classname="BTrees.tests.test_IFBTree.IFBTreeTest" name="testRandomDeletes" time="0.008"></testcase><testcase classname="BTrees.tests.test_IFBTree.IFBTreeTest" name="testRandomNonOverlappingInserts" time="0.001"></testcase><testcase classname="BTrees.tests.test_IFBTree.IFBTreeTest" name="testRandomOverlappingInserts" time="0.001"></testcase><testcase classname="BTrees.tests.test_IFBTree.IFBTreeTest" name="testRangeSearchAfterRandomInsert" time="0.001"></testcase><testcase classname="BTrees.tests.test_IFBTree.IFBTreeTest" name="testRangeSearchAfterSequentialInsert" time="0.002"></testcase><testcase classname="BTrees.tests.test_IFBTree.IFBTreeTest" name="testRangedIterators" time="0.015"></testcase><testcase classname="BTrees.tests.test_IFBTree.IFBTreeTest" name="testReplaceWorks" time="0.000"></testcase><testcase classname="BTrees.tests.test_IFBTree.IFBTreeTest" name="testRepr" time="0.001"></testcase><testcase classname="BTrees.tests.test_IFBTree.IFBTreeTest" name="testSetItemGetItemWorks" time="0.000"></testcase><testcase classname="BTrees.tests.test_IFBTree.IFBTreeTest" name="testSetdefault" time="0.000"></testcase><testcase classname="BTrees.tests.test_IFBTree.IFBTreeTest" name="testSetstateArgumentChecking" time="0.000"></testcase><testcase classname="BTrees.tests.test_IFBTree.IFBTreeTest" name="testShortRepr" time="0.000"></testcase><testcase classname="BTrees.tests.test_IFBTree.IFBTreeTest" name="testSimpleExclusivRanges" time="0.001"></testcase><testcase classname="BTrees.tests.test_IFBTree.IFBTreeTest" name="testSimpleExclusiveKeyRange" time="0.000"></testcase><testcase classname="BTrees.tests.test_IFBTree.IFBTreeTest" name="testSlicing" time="0.085"></testcase><testcase classname="BTrees.tests.test_IFBTree.IFBTreeTest" name="testSuccessorChildParentRewriteExerciseCase" time="0.001"></testcase><testcase classname="BTrees.tests.test_IFBTree.IFBTreeTest" name="testTargetedDeletes" time="0.005"></testcase><testcase classname="BTrees.tests.test_IFBTree.IFBTreeTest" name="testUpdate" time="0.055"></testcase><testcase classname="BTrees.tests.test_IFBTree.IFBTreeTest" name="testUpdateFromPersistentMapping" time="0.000"></testcase><testcase classname="BTrees.tests.test_IFBTree.IFBTreeTest" name="testValuesNegativeIndex" time="0.000"></testcase><testcase classname="BTrees.tests.test_IFBTree.IFBTreeTest" name="testValuesWorks" time="0.000"></testcase><testcase classname="BTrees.tests.test_IFBTree.IFBTreeTest" name="testValuesWorks1" time="0.001"></testcase><testcase classname="BTrees.tests.test_IFBTree.IFBTreeTest" name="test_ctor_defaults" time="0.000"></testcase><testcase classname="BTrees.tests.test_IFBTree.IFBTreeTest" name="test_ctor_explicit" time="0.000"></testcase><testcase classname="BTrees.tests.test_IFBTree.IFBucketConflictTests" name="testFailMergeDelete" time="0.000"></testcase><testcase classname="BTrees.tests.test_IFBTree.IFBucketConflictTests" name="testFailMergeDeleteAndUpdate" time="0.000"></testcase><testcase classname="BTrees.tests.test_IFBTree.IFBucketConflictTests" name="testFailMergeEmptyAndFill" time="0.000"></testcase><testcase classname="BTrees.tests.test_IFBTree.IFBucketConflictTests" name="testFailMergeInsert" time="0.000"></testcase><testcase classname="BTrees.tests.test_IFBTree.IFBucketConflictTests" name="testFailMergeUpdate" time="0.000"></testcase><testcase classname="BTrees.tests.test_IFBTree.IFBucketConflictTests" name="testMergeDelete" time="0.000"></testcase><testcase classname="BTrees.tests.test_IFBTree.IFBucketConflictTests" name="testMergeDeleteAndUpdate" time="0.000"></testcase><testcase classname="BTrees.tests.test_IFBTree.IFBucketConflictTests" name="testMergeEmpty" time="0.000"></testcase><testcase classname="BTrees.tests.test_IFBTree.IFBucketConflictTests" name="testMergeInserts" time="0.000"></testcase><testcase classname="BTrees.tests.test_IFBTree.IFBucketConflictTests" name="testMergeInsertsFromEmpty" time="0.000"></testcase><testcase classname="BTrees.tests.test_IFBTree.IFBucketConflictTests" name="testMergeUpdate" time="0.000"></testcase><testcase classname="BTrees.tests.test_IFBTree.IFBucketPyConflictTests" name="testFailMergeDelete" time="0.002"></testcase><testcase classname="BTrees.tests.test_IFBTree.IFBucketPyConflictTests" name="testFailMergeDeleteAndUpdate" time="0.002"></testcase><testcase classname="BTrees.tests.test_IFBTree.IFBucketPyConflictTests" name="testFailMergeEmptyAndFill" time="0.002"></testcase><testcase classname="BTrees.tests.test_IFBTree.IFBucketPyConflictTests" name="testFailMergeInsert" time="0.003"></testcase><testcase classname="BTrees.tests.test_IFBTree.IFBucketPyConflictTests" name="testFailMergeUpdate" time="0.002"></testcase><testcase classname="BTrees.tests.test_IFBTree.IFBucketPyConflictTests" name="testMergeDelete" time="0.003"></testcase><testcase classname="BTrees.tests.test_IFBTree.IFBucketPyConflictTests" name="testMergeDeleteAndUpdate" time="0.003"></testcase><testcase classname="BTrees.tests.test_IFBTree.IFBucketPyConflictTests" name="testMergeEmpty" time="0.002"></testcase><testcase classname="BTrees.tests.test_IFBTree.IFBucketPyConflictTests" name="testMergeInserts" time="0.003"></testcase><testcase classname="BTrees.tests.test_IFBTree.IFBucketPyConflictTests" name="testMergeInsertsFromEmpty" time="0.003"></testcase><testcase classname="BTrees.tests.test_IFBTree.IFBucketPyConflictTests" name="testMergeUpdate" time="0.003"></testcase><testcase classname="BTrees.tests.test_IFBTree.IFBucketPyTest" name="testBadUpdateTupleSize" time="0.000"></testcase><testcase classname="BTrees.tests.test_IFBTree.IFBucketPyTest" name="testClear" time="0.003"></testcase><testcase classname="BTrees.tests.test_IFBTree.IFBucketPyTest" name="testDeleteInvalidKeyRaisesKeyError" time="0.000"></testcase><testcase classname="BTrees.tests.test_IFBTree.IFBucketPyTest" name="testEmptyRangeSearches" time="0.007"></testcase><testcase classname="BTrees.tests.test_IFBTree.IFBucketPyTest" name="testGetItemFails" time="0.000"></testcase><testcase classname="BTrees.tests.test_IFBTree.IFBucketPyTest" name="testGetReturnsDefault" time="0.000"></testcase><testcase classname="BTrees.tests.test_IFBTree.IFBucketPyTest" name="testHasKeyWorks" time="0.000"></testcase><testcase classname="BTrees.tests.test_IFBTree.IFBucketPyTest" name="testItemsNegativeIndex" time="0.000"></testcase><testcase classname="BTrees.tests.test_IFBTree.IFBucketPyTest" name="testItemsWorks" time="0.003"></testcase><testcase classname="BTrees.tests.test_IFBTree.IFBucketPyTest" name="testIterators" time="0.010"></testcase><testcase classname="BTrees.tests.test_IFBTree.IFBucketPyTest" name="testKeysNegativeIndex" time="0.000"></testcase><testcase classname="BTrees.tests.test_IFBTree.IFBucketPyTest" name="testKeysWorks" time="0.005"></testcase><testcase classname="BTrees.tests.test_IFBTree.IFBucketPyTest" name="testLen" time="0.029"></testcase><testcase classname="BTrees.tests.test_IFBTree.IFBucketPyTest" name="testMaxKeyMinKey" time="0.000"></testcase><testcase classname="BTrees.tests.test_IFBTree.IFBucketPyTest" name="testPop" time="0.000"></testcase><testcase classname="BTrees.tests.test_IFBTree.IFBucketPyTest" name="testRangedIterators" time="0.093"></testcase><testcase classname="BTrees.tests.test_IFBTree.IFBucketPyTest" name="testReplaceWorks" time="0.000"></testcase><testcase classname="BTrees.tests.test_IFBTree.IFBucketPyTest" name="testRepr" time="0.026"></testcase><testcase classname="BTrees.tests.test_IFBTree.IFBucketPyTest" name="testSetItemGetItemWorks" time="0.000"></testcase><testcase classname="BTrees.tests.test_IFBTree.IFBucketPyTest" name="testSetdefault" time="0.000"></testcase><testcase classname="BTrees.tests.test_IFBTree.IFBucketPyTest" name="testSetstateArgumentChecking" time="0.000"></testcase><testcase classname="BTrees.tests.test_IFBTree.IFBucketPyTest" name="testShortRepr" time="0.000"></testcase><testcase classname="BTrees.tests.test_IFBTree.IFBucketPyTest" name="testSimpleExclusivRanges" time="0.003"></testcase><testcase classname="BTrees.tests.test_IFBTree.IFBucketPyTest" name="testSimpleExclusiveKeyRange" time="0.000"></testcase><testcase classname="BTrees.tests.test_IFBTree.IFBucketPyTest" name="testSlicing" time="0.045"></testcase><testcase classname="BTrees.tests.test_IFBTree.IFBucketPyTest" name="testUpdate" time="0.447"></testcase><testcase classname="BTrees.tests.test_IFBTree.IFBucketPyTest" name="testUpdateFromPersistentMapping" time="0.000"></testcase><testcase classname="BTrees.tests.test_IFBTree.IFBucketPyTest" name="testValuesNegativeIndex" time="0.000"></testcase><testcase classname="BTrees.tests.test_IFBTree.IFBucketPyTest" name="testValuesWorks" time="0.003"></testcase><testcase classname="BTrees.tests.test_IFBTree.IFBucketPyTest" name="testValuesWorks1" time="0.006"></testcase><testcase classname="BTrees.tests.test_IFBTree.IFBucketTest" name="testBadUpdateTupleSize" time="0.000"></testcase><testcase classname="BTrees.tests.test_IFBTree.IFBucketTest" name="testClear" time="0.000"></testcase><testcase classname="BTrees.tests.test_IFBTree.IFBucketTest" name="testDeleteInvalidKeyRaisesKeyError" time="0.000"></testcase><testcase classname="BTrees.tests.test_IFBTree.IFBucketTest" name="testEmptyRangeSearches" time="0.000"></testcase><testcase classname="BTrees.tests.test_IFBTree.IFBucketTest" name="testGetItemFails" time="0.000"></testcase><testcase classname="BTrees.tests.test_IFBTree.IFBucketTest" name="testGetReturnsDefault" time="0.000"></testcase><testcase classname="BTrees.tests.test_IFBTree.IFBucketTest" name="testHasKeyWorks" time="0.000"></testcase><testcase classname="BTrees.tests.test_IFBTree.IFBucketTest" name="testItemsNegativeIndex" time="0.000"></testcase><testcase classname="BTrees.tests.test_IFBTree.IFBucketTest" name="testItemsWorks" time="0.001"></testcase><testcase classname="BTrees.tests.test_IFBTree.IFBucketTest" name="testIterators" time="0.001"></testcase><testcase classname="BTrees.tests.test_IFBTree.IFBucketTest" name="testKeysNegativeIndex" time="0.000"></testcase><testcase classname="BTrees.tests.test_IFBTree.IFBucketTest" name="testKeysWorks" time="0.001"></testcase><testcase classname="BTrees.tests.test_IFBTree.IFBucketTest" name="testLen" time="0.003"></testcase><testcase classname="BTrees.tests.test_IFBTree.IFBucketTest" name="testMaxKeyMinKey" time="0.000"></testcase><testcase classname="BTrees.tests.test_IFBTree.IFBucketTest" name="testPop" time="0.000"></testcase><testcase classname="BTrees.tests.test_IFBTree.IFBucketTest" name="testRangedIterators" time="0.014"></testcase><testcase classname="BTrees.tests.test_IFBTree.IFBucketTest" name="testReplaceWorks" time="0.000"></testcase><testcase classname="BTrees.tests.test_IFBTree.IFBucketTest" name="testRepr" time="0.003"></testcase><testcase classname="BTrees.tests.test_IFBTree.IFBucketTest" name="testSetItemGetItemWorks" time="0.000"></testcase><testcase classname="BTrees.tests.test_IFBTree.IFBucketTest" name="testSetdefault" time="0.000"></testcase><testcase classname="BTrees.tests.test_IFBTree.IFBucketTest" name="testSetstateArgumentChecking" time="0.000"></testcase><testcase classname="BTrees.tests.test_IFBTree.IFBucketTest" name="testShortRepr" time="0.000"></testcase><testcase classname="BTrees.tests.test_IFBTree.IFBucketTest" name="testSimpleExclusivRanges" time="0.001"></testcase><testcase classname="BTrees.tests.test_IFBTree.IFBucketTest" name="testSimpleExclusiveKeyRange" time="0.000"></testcase><testcase classname="BTrees.tests.test_IFBTree.IFBucketTest" name="testSlicing" time="0.035"></testcase><testcase classname="BTrees.tests.test_IFBTree.IFBucketTest" name="testUpdate" time="0.060"></testcase><testcase classname="BTrees.tests.test_IFBTree.IFBucketTest" name="testUpdateFromPersistentMapping" time="0.000"></testcase><testcase classname="BTrees.tests.test_IFBTree.IFBucketTest" name="testValuesNegativeIndex" time="0.000"></testcase><testcase classname="BTrees.tests.test_IFBTree.IFBucketTest" name="testValuesWorks" time="0.000"></testcase><testcase classname="BTrees.tests.test_IFBTree.IFBucketTest" name="testValuesWorks1" time="0.001"></testcase><testcase classname="BTrees.tests.test_IFBTree.IFModuleTest" name="testFamily" time="0.000"></testcase><testcase classname="BTrees.tests.test_IFBTree.IFModuleTest" name="testModuleProvides" time="0.000"></testcase><testcase classname="BTrees.tests.test_IFBTree.IFModuleTest" name="testNames" time="0.000"></testcase><testcase classname="BTrees.tests.test_IFBTree.IFSetConflictTests" name="testFailMergeDelete" time="0.000"></testcase><testcase classname="BTrees.tests.test_IFBTree.IFSetConflictTests" name="testFailMergeEmptyAndFill" time="0.000"></testcase><testcase classname="BTrees.tests.test_IFBTree.IFSetConflictTests" name="testFailMergeInsert" time="0.000"></testcase><testcase classname="BTrees.tests.test_IFBTree.IFSetConflictTests" name="testMergeDelete" time="0.000"></testcase><testcase classname="BTrees.tests.test_IFBTree.IFSetConflictTests" name="testMergeEmpty" time="0.000"></testcase><testcase classname="BTrees.tests.test_IFBTree.IFSetConflictTests" name="testMergeInserts" time="0.000"></testcase><testcase classname="BTrees.tests.test_IFBTree.IFSetConflictTests" name="testMergeInsertsFromEmpty" time="0.000"></testcase><testcase classname="BTrees.tests.test_IFBTree.IFSetPyConflictTests" name="testFailMergeDelete" time="0.001"></testcase><testcase classname="BTrees.tests.test_IFBTree.IFSetPyConflictTests" name="testFailMergeEmptyAndFill" time="0.001"></testcase><testcase classname="BTrees.tests.test_IFBTree.IFSetPyConflictTests" name="testFailMergeInsert" time="0.002"></testcase><testcase classname="BTrees.tests.test_IFBTree.IFSetPyConflictTests" name="testMergeDelete" time="0.002"></testcase><testcase classname="BTrees.tests.test_IFBTree.IFSetPyConflictTests" name="testMergeEmpty" time="0.001"></testcase><testcase classname="BTrees.tests.test_IFBTree.IFSetPyConflictTests" name="testMergeInserts" time="0.002"></testcase><testcase classname="BTrees.tests.test_IFBTree.IFSetPyConflictTests" name="testMergeInsertsFromEmpty" time="0.002"></testcase><testcase classname="BTrees.tests.test_IFBTree.IFSetPyTest" name="testBigInsert" time="0.599"></testcase><testcase classname="BTrees.tests.test_IFBTree.IFSetPyTest" name="testClear" time="0.017"></testcase><testcase classname="BTrees.tests.test_IFBTree.IFSetPyTest" name="testDuplicateInsert" time="0.000"></testcase><testcase classname="BTrees.tests.test_IFBTree.IFSetPyTest" name="testEmptyRangeSearches" time="0.005"></testcase><testcase classname="BTrees.tests.test_IFBTree.IFSetPyTest" name="testGetItem" time="0.233"></testcase><testcase classname="BTrees.tests.test_IFBTree.IFSetPyTest" name="testHasKeyFails" time="0.000"></testcase><testcase classname="BTrees.tests.test_IFBTree.IFSetPyTest" name="testInsert" time="0.000"></testcase><testcase classname="BTrees.tests.test_IFBTree.IFSetPyTest" name="testInsertReturnsValue" time="0.000"></testcase><testcase classname="BTrees.tests.test_IFBTree.IFSetPyTest" name="testIterator" time="0.006"></testcase><testcase classname="BTrees.tests.test_IFBTree.IFSetPyTest" name="testKeys" time="0.066"></testcase><testcase classname="BTrees.tests.test_IFBTree.IFSetPyTest" name="testLen" time="0.210"></testcase><testcase classname="BTrees.tests.test_IFBTree.IFSetPyTest" name="testMaxKeyMinKey" time="0.000"></testcase><testcase classname="BTrees.tests.test_IFBTree.IFSetPyTest" name="testRemoveFails" time="0.000"></testcase><testcase classname="BTrees.tests.test_IFBTree.IFSetPyTest" name="testRemoveSucceeds" time="0.448"></testcase><testcase classname="BTrees.tests.test_IFBTree.IFSetPyTest" name="testSetstateArgumentChecking" time="0.000"></testcase><testcase classname="BTrees.tests.test_IFBTree.IFSetPyTest" name="testSimpleExclusiveKeyRange" time="0.000"></testcase><testcase classname="BTrees.tests.test_IFBTree.IFSetPyTest" name="testSlicing" time="0.016"></testcase><testcase classname="BTrees.tests.test_IFBTree.IFSetPyTest" name="testUpdate" time="0.244"></testcase><testcase classname="BTrees.tests.test_IFBTree.IFSetTest" name="testBigInsert" time="0.030"></testcase><testcase classname="BTrees.tests.test_IFBTree.IFSetTest" name="testClear" time="0.001"></testcase><testcase classname="BTrees.tests.test_IFBTree.IFSetTest" name="testDuplicateInsert" time="0.000"></testcase><testcase classname="BTrees.tests.test_IFBTree.IFSetTest" name="testEmptyRangeSearches" time="0.000"></testcase><testcase classname="BTrees.tests.test_IFBTree.IFSetTest" name="testGetItem" time="0.016"></testcase><testcase classname="BTrees.tests.test_IFBTree.IFSetTest" name="testHasKeyFails" time="0.000"></testcase><testcase classname="BTrees.tests.test_IFBTree.IFSetTest" name="testInsert" time="0.000"></testcase><testcase classname="BTrees.tests.test_IFBTree.IFSetTest" name="testInsertReturnsValue" time="0.000"></testcase><testcase classname="BTrees.tests.test_IFBTree.IFSetTest" name="testIterator" time="0.001"></testcase><testcase classname="BTrees.tests.test_IFBTree.IFSetTest" name="testKeys" time="0.052"></testcase><testcase classname="BTrees.tests.test_IFBTree.IFSetTest" name="testLen" time="0.005"></testcase><testcase classname="BTrees.tests.test_IFBTree.IFSetTest" name="testMaxKeyMinKey" time="0.000"></testcase><testcase classname="BTrees.tests.test_IFBTree.IFSetTest" name="testRemoveFails" time="0.000"></testcase><testcase classname="BTrees.tests.test_IFBTree.IFSetTest" name="testRemoveSucceeds" time="0.020"></testcase><testcase classname="BTrees.tests.test_IFBTree.IFSetTest" name="testSetstateArgumentChecking" time="0.000"></testcase><testcase classname="BTrees.tests.test_IFBTree.IFSetTest" name="testSimpleExclusiveKeyRange" time="0.000"></testcase><testcase classname="BTrees.tests.test_IFBTree.IFSetTest" name="testSlicing" time="0.015"></testcase><testcase classname="BTrees.tests.test_IFBTree.IFSetTest" name="testUpdate" time="0.053"></testcase><testcase classname="BTrees.tests.test_IFBTree.IFTreeSetConflictTests" name="testFailMergeDelete" time="0.000"></testcase><testcase classname="BTrees.tests.test_IFBTree.IFTreeSetConflictTests" name="testFailMergeEmptyAndFill" time="0.000"></testcase><testcase classname="BTrees.tests.test_IFBTree.IFTreeSetConflictTests" name="testFailMergeInsert" time="0.000"></testcase><testcase classname="BTrees.tests.test_IFBTree.IFTreeSetConflictTests" name="testMergeDelete" time="0.000"></testcase><testcase classname="BTrees.tests.test_IFBTree.IFTreeSetConflictTests" name="testMergeEmpty" time="0.000"></testcase><testcase classname="BTrees.tests.test_IFBTree.IFTreeSetConflictTests" name="testMergeInserts" time="0.000"></testcase><testcase classname="BTrees.tests.test_IFBTree.IFTreeSetConflictTests" name="testMergeInsertsFromEmpty" time="0.000"></testcase><testcase classname="BTrees.tests.test_IFBTree.IFTreeSetPyConflictTests" name="testFailMergeDelete" time="0.003"></testcase><testcase classname="BTrees.tests.test_IFBTree.IFTreeSetPyConflictTests" name="testFailMergeEmptyAndFill" time="0.003"></testcase><testcase classname="BTrees.tests.test_IFBTree.IFTreeSetPyConflictTests" name="testFailMergeInsert" time="0.003"></testcase><testcase classname="BTrees.tests.test_IFBTree.IFTreeSetPyConflictTests" name="testMergeDelete" time="0.003"></testcase><testcase classname="BTrees.tests.test_IFBTree.IFTreeSetPyConflictTests" name="testMergeEmpty" time="0.003"></testcase><testcase classname="BTrees.tests.test_IFBTree.IFTreeSetPyConflictTests" name="testMergeInserts" time="0.003"></testcase><testcase classname="BTrees.tests.test_IFBTree.IFTreeSetPyConflictTests" name="testMergeInsertsFromEmpty" time="0.003"></testcase><testcase classname="BTrees.tests.test_IFBTree.IFTreeSetPyTest" name="testBigInsert" time="0.976"></testcase><testcase classname="BTrees.tests.test_IFBTree.IFTreeSetPyTest" name="testClear" time="0.030"></testcase><testcase classname="BTrees.tests.test_IFBTree.IFTreeSetPyTest" name="testDuplicateInsert" time="0.000"></testcase><testcase classname="BTrees.tests.test_IFBTree.IFTreeSetPyTest" name="testEmptyRangeSearches" time="0.009"></testcase><testcase classname="BTrees.tests.test_IFBTree.IFTreeSetPyTest" name="testHasKeyFails" time="0.000"></testcase><testcase classname="BTrees.tests.test_IFBTree.IFTreeSetPyTest" name="testInsert" time="0.000"></testcase><testcase classname="BTrees.tests.test_IFBTree.IFTreeSetPyTest" name="testInsertReturnsValue" time="0.000"></testcase><testcase classname="BTrees.tests.test_IFBTree.IFTreeSetPyTest" name="testIterator" time="0.013"></testcase><testcase classname="BTrees.tests.test_IFBTree.IFTreeSetPyTest" name="testKeys" time="0.087"></testcase><testcase classname="BTrees.tests.test_IFBTree.IFTreeSetPyTest" name="testMaxKeyMinKey" time="0.001"></testcase><testcase classname="BTrees.tests.test_IFBTree.IFTreeSetPyTest" name="testRemoveFails" time="0.000"></testcase><testcase classname="BTrees.tests.test_IFBTree.IFTreeSetPyTest" name="testRemoveSucceeds" time="0.681"></testcase><testcase classname="BTrees.tests.test_IFBTree.IFTreeSetPyTest" name="testSetstateArgumentChecking" time="0.000"></testcase><testcase classname="BTrees.tests.test_IFBTree.IFTreeSetPyTest" name="testSimpleExclusiveKeyRange" time="0.001"></testcase><testcase classname="BTrees.tests.test_IFBTree.IFTreeSetPyTest" name="testSlicing" time="0.136"></testcase><testcase classname="BTrees.tests.test_IFBTree.IFTreeSetPyTest" name="testUpdate" time="0.369"></testcase><testcase classname="BTrees.tests.test_IFBTree.IFTreeSetTest" name="testBigInsert" time="0.030"></testcase><testcase classname="BTrees.tests.test_IFBTree.IFTreeSetTest" name="testClear" time="0.001"></testcase><testcase classname="BTrees.tests.test_IFBTree.IFTreeSetTest" name="testDuplicateInsert" time="0.000"></testcase><testcase classname="BTrees.tests.test_IFBTree.IFTreeSetTest" name="testEmptyRangeSearches" time="0.000"></testcase><testcase classname="BTrees.tests.test_IFBTree.IFTreeSetTest" name="testHasKeyFails" time="0.000"></testcase><testcase classname="BTrees.tests.test_IFBTree.IFTreeSetTest" name="testInsert" time="0.000"></testcase><testcase classname="BTrees.tests.test_IFBTree.IFTreeSetTest" name="testInsertReturnsValue" time="0.000"></testcase><testcase classname="BTrees.tests.test_IFBTree.IFTreeSetTest" name="testIterator" time="0.001"></testcase><testcase classname="BTrees.tests.test_IFBTree.IFTreeSetTest" name="testKeys" time="0.051"></testcase><testcase classname="BTrees.tests.test_IFBTree.IFTreeSetTest" name="testMaxKeyMinKey" time="0.000"></testcase><testcase classname="BTrees.tests.test_IFBTree.IFTreeSetTest" name="testRemoveFails" time="0.000"></testcase><testcase classname="BTrees.tests.test_IFBTree.IFTreeSetTest" name="testRemoveSucceeds" time="0.011"></testcase><testcase classname="BTrees.tests.test_IFBTree.IFTreeSetTest" name="testSetstateArgumentChecking" time="0.000"></testcase><testcase classname="BTrees.tests.test_IFBTree.IFTreeSetTest" name="testSimpleExclusiveKeyRange" time="0.000"></testcase><testcase classname="BTrees.tests.test_IFBTree.IFTreeSetTest" name="testSlicing" time="0.029"></testcase><testcase classname="BTrees.tests.test_IFBTree.IFTreeSetTest" name="testUpdate" time="0.051"></testcase><testcase classname="BTrees.tests.test_IFBTree.PureIF" name="testDifference" time="0.002"></testcase><testcase classname="BTrees.tests.test_IFBTree.PureIF" name="testEmptyDifference" time="0.001"></testcase><testcase classname="BTrees.tests.test_IFBTree.PureIF" name="testEmptyIntersection" time="0.001"></testcase><testcase classname="BTrees.tests.test_IFBTree.PureIF" name="testEmptyUnion" time="0.001"></testcase><testcase classname="BTrees.tests.test_IFBTree.PureIF" name="testIntersection" time="0.001"></testcase><testcase classname="BTrees.tests.test_IFBTree.PureIF" name="testLargerInputs" time="0.020"></testcase><testcase classname="BTrees.tests.test_IFBTree.PureIF" name="testNone" time="0.000"></testcase><testcase classname="BTrees.tests.test_IFBTree.PureIF" name="testUnion" time="0.002"></testcase><testcase classname="BTrees.tests.test_IFBTree.PureIFPy" name="testDifference" time="0.023"></testcase><testcase classname="BTrees.tests.test_IFBTree.PureIFPy" name="testEmptyDifference" time="0.008"></testcase><testcase classname="BTrees.tests.test_IFBTree.PureIFPy" name="testEmptyIntersection" time="0.006"></testcase><testcase classname="BTrees.tests.test_IFBTree.PureIFPy" name="testEmptyUnion" time="0.007"></testcase><testcase classname="BTrees.tests.test_IFBTree.PureIFPy" name="testIntersection" time="0.026"></testcase><testcase classname="BTrees.tests.test_IFBTree.PureIFPy" name="testLargerInputs" time="0.231"></testcase><testcase classname="BTrees.tests.test_IFBTree.PureIFPy" name="testNone" time="0.001"></testcase><testcase classname="BTrees.tests.test_IFBTree.PureIFPy" name="testUnion" time="0.011"></testcase><testcase classname="BTrees.tests.test_IFBTree.TestIFBTrees" name="testNonIntegerKeyRaises" time="0.000"></testcase><testcase classname="BTrees.tests.test_IFBTree.TestIFBTrees" name="testNonNumericValueRaises" time="0.000"></testcase><testcase classname="BTrees.tests.test_IFBTree.TestIFBTreesPy" name="testNonIntegerKeyRaises" time="0.000"></testcase><testcase classname="BTrees.tests.test_IFBTree.TestIFBTreesPy" name="testNonNumericValueRaises" time="0.000"></testcase><testcase classname="BTrees.tests.test_IFBTree.TestIFMultiUnion" name="testBigInput" time="0.046"></testcase><testcase classname="BTrees.tests.test_IFBTree.TestIFMultiUnion" name="testEmpty" time="0.000"></testcase><testcase classname="BTrees.tests.test_IFBTree.TestIFMultiUnion" name="testFunkyKeyIteration" time="0.002"></testcase><testcase classname="BTrees.tests.test_IFBTree.TestIFMultiUnion" name="testLotsOfLittleOnes" time="0.116"></testcase><testcase classname="BTrees.tests.test_IFBTree.TestIFMultiUnion" name="testOne" time="0.000"></testcase><testcase classname="BTrees.tests.test_IFBTree.TestIFMultiUnion" name="testValuesIgnored" time="0.000"></testcase><testcase classname="BTrees.tests.test_IFBTree.TestIFMultiUnionPy" name="testBigInput" time="26.089"></testcase><testcase classname="BTrees.tests.test_IFBTree.TestIFMultiUnionPy" name="testEmpty" time="0.000"></testcase><testcase classname="BTrees.tests.test_IFBTree.TestIFMultiUnionPy" name="testFunkyKeyIteration" time="0.031"></testcase><testcase classname="BTrees.tests.test_IFBTree.TestIFMultiUnionPy" name="testLotsOfLittleOnes" time="1.293"></testcase><testcase classname="BTrees.tests.test_IFBTree.TestIFMultiUnionPy" name="testOne" time="0.007"></testcase><testcase classname="BTrees.tests.test_IFBTree.TestIFMultiUnionPy" name="testValuesIgnored" time="0.000"></testcase><testcase classname="BTrees.tests.test_IFBTree.TestLongIntKeys" name="testLongIntKeysOutOfRange" time="0.000"></testcase><testcase classname="BTrees.tests.test_IFBTree.TestLongIntKeys" name="testLongIntKeysWork" time="0.000"></testcase><testcase classname="BTrees.tests.test_IFBTree" name="test_suite" time="0.007"></testcase><testcase classname="BTrees.tests.test_IIBTree.IIBTreeConflictTests" name="testFailMergeDelete" time="0.001"></testcase><testcase classname="BTrees.tests.test_IIBTree.IIBTreeConflictTests" name="testFailMergeDeleteAndUpdate" time="0.000"></testcase><testcase classname="BTrees.tests.test_IIBTree.IIBTreeConflictTests" name="testFailMergeEmptyAndFill" time="0.000"></testcase><testcase classname="BTrees.tests.test_IIBTree.IIBTreeConflictTests" name="testFailMergeInsert" time="0.000"></testcase><testcase classname="BTrees.tests.test_IIBTree.IIBTreeConflictTests" name="testFailMergeUpdate" time="0.000"></testcase><testcase classname="BTrees.tests.test_IIBTree.IIBTreeConflictTests" name="testMergeDelete" time="0.000"></testcase><testcase classname="BTrees.tests.test_IIBTree.IIBTreeConflictTests" name="testMergeDeleteAndUpdate" time="0.000"></testcase><testcase classname="BTrees.tests.test_IIBTree.IIBTreeConflictTests" name="testMergeEmpty" time="0.000"></testcase><testcase classname="BTrees.tests.test_IIBTree.IIBTreeConflictTests" name="testMergeInserts" time="0.000"></testcase><testcase classname="BTrees.tests.test_IIBTree.IIBTreeConflictTests" name="testMergeInsertsFromEmpty" time="0.000"></testcase><testcase classname="BTrees.tests.test_IIBTree.IIBTreeConflictTests" name="testMergeUpdate" time="0.000"></testcase><testcase classname="BTrees.tests.test_IIBTree.IIBTreeConflictTestsPy" name="testFailMergeDelete" time="0.004"></testcase><testcase classname="BTrees.tests.test_IIBTree.IIBTreeConflictTestsPy" name="testFailMergeDeleteAndUpdate" time="0.004"></testcase><testcase classname="BTrees.tests.test_IIBTree.IIBTreeConflictTestsPy" name="testFailMergeEmptyAndFill" time="0.004"></testcase><testcase classname="BTrees.tests.test_IIBTree.IIBTreeConflictTestsPy" name="testFailMergeInsert" time="0.004"></testcase><testcase classname="BTrees.tests.test_IIBTree.IIBTreeConflictTestsPy" name="testFailMergeUpdate" time="0.004"></testcase><testcase classname="BTrees.tests.test_IIBTree.IIBTreeConflictTestsPy" name="testMergeDelete" time="0.005"></testcase><testcase classname="BTrees.tests.test_IIBTree.IIBTreeConflictTestsPy" name="testMergeDeleteAndUpdate" time="0.005"></testcase><testcase classname="BTrees.tests.test_IIBTree.IIBTreeConflictTestsPy" name="testMergeEmpty" time="0.004"></testcase><testcase classname="BTrees.tests.test_IIBTree.IIBTreeConflictTestsPy" name="testMergeInserts" time="0.005"></testcase><testcase classname="BTrees.tests.test_IIBTree.IIBTreeConflictTestsPy" name="testMergeInsertsFromEmpty" time="0.004"></testcase><testcase classname="BTrees.tests.test_IIBTree.IIBTreeConflictTestsPy" name="testMergeUpdate" time="0.005"></testcase><testcase classname="BTrees.tests.test_IIBTree.IIBTreeTest" name="testBadUpdateTupleSize" time="0.000"></testcase><testcase classname="BTrees.tests.test_IIBTree.IIBTreeTest" name="testClear" time="0.000"></testcase><testcase classname="BTrees.tests.test_IIBTree.IIBTreeTest" name="testDamagedIterator" time="0.000"></testcase><testcase classname="BTrees.tests.test_IIBTree.IIBTreeTest" name="testDeleteInvalidKeyRaisesKeyError" time="0.000"></testcase><testcase classname="BTrees.tests.test_IIBTree.IIBTreeTest" name="testDeleteNoChildrenWorks" time="0.000"></testcase><testcase classname="BTrees.tests.test_IIBTree.IIBTreeTest" name="testDeleteOneChildWorks" time="0.000"></testcase><testcase classname="BTrees.tests.test_IIBTree.IIBTreeTest" name="testDeleteRootWorks" time="0.000"></testcase><testcase classname="BTrees.tests.test_IIBTree.IIBTreeTest" name="testDeleteTwoChildrenInorderSuccessorWorks" time="0.000"></testcase><testcase classname="BTrees.tests.test_IIBTree.IIBTreeTest" name="testDeleteTwoChildrenNoInorderSuccessorWorks" time="0.000"></testcase><testcase classname="BTrees.tests.test_IIBTree.IIBTreeTest" name="testEmptyRangeSearches" time="0.000"></testcase><testcase classname="BTrees.tests.test_IIBTree.IIBTreeTest" name="testGetItemFails" time="0.000"></testcase><testcase classname="BTrees.tests.test_IIBTree.IIBTreeTest" name="testGetReturnsDefault" time="0.000"></testcase><testcase classname="BTrees.tests.test_IIBTree.IIBTreeTest" name="testHasKeyWorks" time="0.000"></testcase><testcase classname="BTrees.tests.test_IIBTree.IIBTreeTest" name="testIIBTreeOverflow" time="0.000"></testcase><testcase classname="BTrees.tests.test_IIBTree.IIBTreeTest" name="testInsertMethod" time="0.000"></testcase><testcase classname="BTrees.tests.test_IIBTree.IIBTreeTest" name="testItemsNegativeIndex" time="0.000"></testcase><testcase classname="BTrees.tests.test_IIBTree.IIBTreeTest" name="testItemsWorks" time="0.001"></testcase><testcase classname="BTrees.tests.test_IIBTree.IIBTreeTest" name="testIterators" time="0.001"></testcase><testcase classname="BTrees.tests.test_IIBTree.IIBTreeTest" name="testKeysNegativeIndex" time="0.000"></testcase><testcase classname="BTrees.tests.test_IIBTree.IIBTreeTest" name="testKeysWorks" time="0.001"></testcase><testcase classname="BTrees.tests.test_IIBTree.IIBTreeTest" name="testLen" time="0.003"></testcase><testcase classname="BTrees.tests.test_IIBTree.IIBTreeTest" name="testMaxKeyMinKey" time="0.000"></testcase><testcase classname="BTrees.tests.test_IIBTree.IIBTreeTest" name="testPathologicalLeftBranching" time="0.002"></testcase><testcase classname="BTrees.tests.test_IIBTree.IIBTreeTest" name="testPathologicalRangeSearch" time="0.001"></testcase><testcase classname="BTrees.tests.test_IIBTree.IIBTreeTest" name="testPathologicalRightBranching" time="0.002"></testcase><testcase classname="BTrees.tests.test_IIBTree.IIBTreeTest" name="testPop" time="0.000"></testcase><testcase classname="BTrees.tests.test_IIBTree.IIBTreeTest" name="testRandomDeletes" time="0.008"></testcase><testcase classname="BTrees.tests.test_IIBTree.IIBTreeTest" name="testRandomNonOverlappingInserts" time="0.001"></testcase><testcase classname="BTrees.tests.test_IIBTree.IIBTreeTest" name="testRandomOverlappingInserts" time="0.001"></testcase><testcase classname="BTrees.tests.test_IIBTree.IIBTreeTest" name="testRangeSearchAfterRandomInsert" time="0.001"></testcase><testcase classname="BTrees.tests.test_IIBTree.IIBTreeTest" name="testRangeSearchAfterSequentialInsert" time="0.002"></testcase><testcase classname="BTrees.tests.test_IIBTree.IIBTreeTest" name="testRangedIterators" time="0.014"></testcase><testcase classname="BTrees.tests.test_IIBTree.IIBTreeTest" name="testReplaceWorks" time="0.000"></testcase><testcase classname="BTrees.tests.test_IIBTree.IIBTreeTest" name="testRepr" time="0.000"></testcase><testcase classname="BTrees.tests.test_IIBTree.IIBTreeTest" name="testSetItemGetItemWorks" time="0.000"></testcase><testcase classname="BTrees.tests.test_IIBTree.IIBTreeTest" name="testSetdefault" time="0.000"></testcase><testcase classname="BTrees.tests.test_IIBTree.IIBTreeTest" name="testSetstateArgumentChecking" time="0.000"></testcase><testcase classname="BTrees.tests.test_IIBTree.IIBTreeTest" name="testShortRepr" time="0.000"></testcase><testcase classname="BTrees.tests.test_IIBTree.IIBTreeTest" name="testSimpleExclusivRanges" time="0.001"></testcase><testcase classname="BTrees.tests.test_IIBTree.IIBTreeTest" name="testSimpleExclusiveKeyRange" time="0.000"></testcase><testcase classname="BTrees.tests.test_IIBTree.IIBTreeTest" name="testSlicing" time="0.081"></testcase><testcase classname="BTrees.tests.test_IIBTree.IIBTreeTest" name="testSuccessorChildParentRewriteExerciseCase" time="0.001"></testcase><testcase classname="BTrees.tests.test_IIBTree.IIBTreeTest" name="testTargetedDeletes" time="0.004"></testcase><testcase classname="BTrees.tests.test_IIBTree.IIBTreeTest" name="testUpdate" time="0.059"></testcase><testcase classname="BTrees.tests.test_IIBTree.IIBTreeTest" name="testUpdateFromPersistentMapping" time="0.000"></testcase><testcase classname="BTrees.tests.test_IIBTree.IIBTreeTest" name="testValuesNegativeIndex" time="0.000"></testcase><testcase classname="BTrees.tests.test_IIBTree.IIBTreeTest" name="testValuesWorks" time="0.000"></testcase><testcase classname="BTrees.tests.test_IIBTree.IIBTreeTest" name="testValuesWorks1" time="0.001"></testcase><testcase classname="BTrees.tests.test_IIBTree.IIBTreeTest" name="test_ctor_defaults" time="0.000"></testcase><testcase classname="BTrees.tests.test_IIBTree.IIBTreeTest" name="test_ctor_explicit" time="0.000"></testcase><testcase classname="BTrees.tests.test_IIBTree.IIBTreeTestPy" name="testBadUpdateTupleSize" time="0.000"></testcase><testcase classname="BTrees.tests.test_IIBTree.IIBTreeTestPy" name="testClear" time="0.004"></testcase><testcase classname="BTrees.tests.test_IIBTree.IIBTreeTestPy" name="testDamagedIterator" time="0.001"></testcase><testcase classname="BTrees.tests.test_IIBTree.IIBTreeTestPy" name="testDeleteInvalidKeyRaisesKeyError" time="0.000"></testcase><testcase classname="BTrees.tests.test_IIBTree.IIBTreeTestPy" name="testDeleteNoChildrenWorks" time="0.001"></testcase><testcase classname="BTrees.tests.test_IIBTree.IIBTreeTestPy" name="testDeleteOneChildWorks" time="0.001"></testcase><testcase classname="BTrees.tests.test_IIBTree.IIBTreeTestPy" name="testDeleteRootWorks" time="0.001"></testcase><testcase classname="BTrees.tests.test_IIBTree.IIBTreeTestPy" name="testDeleteTwoChildrenInorderSuccessorWorks" time="0.001"></testcase><testcase classname="BTrees.tests.test_IIBTree.IIBTreeTestPy" name="testDeleteTwoChildrenNoInorderSuccessorWorks" time="0.001"></testcase><testcase classname="BTrees.tests.test_IIBTree.IIBTreeTestPy" name="testEmptyRangeSearches" time="0.012"></testcase><testcase classname="BTrees.tests.test_IIBTree.IIBTreeTestPy" name="testGetItemFails" time="0.000"></testcase><testcase classname="BTrees.tests.test_IIBTree.IIBTreeTestPy" name="testGetReturnsDefault" time="0.000"></testcase><testcase classname="BTrees.tests.test_IIBTree.IIBTreeTestPy" name="testHasKeyWorks" time="0.000"></testcase><testcase classname="BTrees.tests.test_IIBTree.IIBTreeTestPy" name="testIIBTreeOverflow" time="0.002"><system-err><![CDATA[/home/tseaver/projects/Zope/ZODB/BTrees/BTrees/_base.py:1419: DeprecationWarning: 'i' format requires -2147483648 <= number <= 2147483647
  if not unpack("i", pack("i", v))[0] == v: #pragma NO COVER
]]></system-err></testcase><testcase classname="BTrees.tests.test_IIBTree.IIBTreeTestPy" name="testInsertMethod" time="0.000"></testcase><testcase classname="BTrees.tests.test_IIBTree.IIBTreeTestPy" name="testItemsNegativeIndex" time="0.000"></testcase><testcase classname="BTrees.tests.test_IIBTree.IIBTreeTestPy" name="testItemsWorks" time="0.005"></testcase><testcase classname="BTrees.tests.test_IIBTree.IIBTreeTestPy" name="testIterators" time="0.020"></testcase><testcase classname="BTrees.tests.test_IIBTree.IIBTreeTestPy" name="testKeysNegativeIndex" time="0.000"></testcase><testcase classname="BTrees.tests.test_IIBTree.IIBTreeTestPy" name="testKeysWorks" time="0.024"></testcase><testcase classname="BTrees.tests.test_IIBTree.IIBTreeTestPy" name="testLen" time="0.042"></testcase><testcase classname="BTrees.tests.test_IIBTree.IIBTreeTestPy" name="testMaxKeyMinKey" time="0.001"></testcase><testcase classname="BTrees.tests.test_IIBTree.IIBTreeTestPy" name="testPathologicalLeftBranching" time="0.069"></testcase><testcase classname="BTrees.tests.test_IIBTree.IIBTreeTestPy" name="testPathologicalRangeSearch" time="0.009"></testcase><testcase classname="BTrees.tests.test_IIBTree.IIBTreeTestPy" name="testPathologicalRightBranching" time="0.069"></testcase><testcase classname="BTrees.tests.test_IIBTree.IIBTreeTestPy" name="testPop" time="0.001"></testcase><testcase classname="BTrees.tests.test_IIBTree.IIBTreeTestPy" name="testRandomDeletes" time="0.114"></testcase><testcase classname="BTrees.tests.test_IIBTree.IIBTreeTestPy" name="testRandomNonOverlappingInserts" time="0.004"></testcase><testcase classname="BTrees.tests.test_IIBTree.IIBTreeTestPy" name="testRandomOverlappingInserts" time="0.004"></testcase><testcase classname="BTrees.tests.test_IIBTree.IIBTreeTestPy" name="testRangeSearchAfterRandomInsert" time="0.005"></testcase><testcase classname="BTrees.tests.test_IIBTree.IIBTreeTestPy" name="testRangeSearchAfterSequentialInsert" time="0.007"></testcase><testcase classname="BTrees.tests.test_IIBTree.IIBTreeTestPy" name="testRangedIterators" time="0.158"></testcase><testcase classname="BTrees.tests.test_IIBTree.IIBTreeTestPy" name="testReplaceWorks" time="0.000"></testcase><testcase classname="BTrees.tests.test_IIBTree.IIBTreeTestPy" name="testRepr" time="0.041"></testcase><testcase classname="BTrees.tests.test_IIBTree.IIBTreeTestPy" name="testSetItemGetItemWorks" time="0.000"></testcase><testcase classname="BTrees.tests.test_IIBTree.IIBTreeTestPy" name="testSetdefault" time="0.000"></testcase><testcase classname="BTrees.tests.test_IIBTree.IIBTreeTestPy" name="testSetstateArgumentChecking" time="0.000"></testcase><testcase classname="BTrees.tests.test_IIBTree.IIBTreeTestPy" name="testShortRepr" time="0.000"></testcase><testcase classname="BTrees.tests.test_IIBTree.IIBTreeTestPy" name="testSimpleExclusivRanges" time="0.005"></testcase><testcase classname="BTrees.tests.test_IIBTree.IIBTreeTestPy" name="testSimpleExclusiveKeyRange" time="0.001"></testcase><testcase classname="BTrees.tests.test_IIBTree.IIBTreeTestPy" name="testSlicing" time="0.424"></testcase><testcase classname="BTrees.tests.test_IIBTree.IIBTreeTestPy" name="testSuccessorChildParentRewriteExerciseCase" time="0.014"></testcase><testcase classname="BTrees.tests.test_IIBTree.IIBTreeTestPy" name="testTargetedDeletes" time="0.067"></testcase><testcase classname="BTrees.tests.test_IIBTree.IIBTreeTestPy" name="testUpdate" time="0.658"></testcase><testcase classname="BTrees.tests.test_IIBTree.IIBTreeTestPy" name="testUpdateFromPersistentMapping" time="0.000"></testcase><testcase classname="BTrees.tests.test_IIBTree.IIBTreeTestPy" name="testValuesNegativeIndex" time="0.000"></testcase><testcase classname="BTrees.tests.test_IIBTree.IIBTreeTestPy" name="testValuesWorks" time="0.005"></testcase><testcase classname="BTrees.tests.test_IIBTree.IIBTreeTestPy" name="testValuesWorks1" time="0.024"></testcase><testcase classname="BTrees.tests.test_IIBTree.IIBTreeTestPy" name="test_ctor_defaults" time="0.000"></testcase><testcase classname="BTrees.tests.test_IIBTree.IIBTreeTestPy" name="test_ctor_explicit" time="0.000"></testcase><testcase classname="BTrees.tests.test_IIBTree.IIBucketConflictTests" name="testFailMergeDelete" time="0.000"></testcase><testcase classname="BTrees.tests.test_IIBTree.IIBucketConflictTests" name="testFailMergeDeleteAndUpdate" time="0.000"></testcase><testcase classname="BTrees.tests.test_IIBTree.IIBucketConflictTests" name="testFailMergeEmptyAndFill" time="0.000"></testcase><testcase classname="BTrees.tests.test_IIBTree.IIBucketConflictTests" name="testFailMergeInsert" time="0.000"></testcase><testcase classname="BTrees.tests.test_IIBTree.IIBucketConflictTests" name="testFailMergeUpdate" time="0.000"></testcase><testcase classname="BTrees.tests.test_IIBTree.IIBucketConflictTests" name="testMergeDelete" time="0.000"></testcase><testcase classname="BTrees.tests.test_IIBTree.IIBucketConflictTests" name="testMergeDeleteAndUpdate" time="0.000"></testcase><testcase classname="BTrees.tests.test_IIBTree.IIBucketConflictTests" name="testMergeEmpty" time="0.000"></testcase><testcase classname="BTrees.tests.test_IIBTree.IIBucketConflictTests" name="testMergeInserts" time="0.000"></testcase><testcase classname="BTrees.tests.test_IIBTree.IIBucketConflictTests" name="testMergeInsertsFromEmpty" time="0.000"></testcase><testcase classname="BTrees.tests.test_IIBTree.IIBucketConflictTests" name="testMergeUpdate" time="0.000"></testcase><testcase classname="BTrees.tests.test_IIBTree.IIBucketConflictTestsPy" name="testFailMergeDelete" time="0.002"></testcase><testcase classname="BTrees.tests.test_IIBTree.IIBucketConflictTestsPy" name="testFailMergeDeleteAndUpdate" time="0.002"></testcase><testcase classname="BTrees.tests.test_IIBTree.IIBucketConflictTestsPy" name="testFailMergeEmptyAndFill" time="0.002"></testcase><testcase classname="BTrees.tests.test_IIBTree.IIBucketConflictTestsPy" name="testFailMergeInsert" time="0.003"></testcase><testcase classname="BTrees.tests.test_IIBTree.IIBucketConflictTestsPy" name="testFailMergeUpdate" time="0.002"></testcase><testcase classname="BTrees.tests.test_IIBTree.IIBucketConflictTestsPy" name="testMergeDelete" time="0.003"></testcase><testcase classname="BTrees.tests.test_IIBTree.IIBucketConflictTestsPy" name="testMergeDeleteAndUpdate" time="0.004"></testcase><testcase classname="BTrees.tests.test_IIBTree.IIBucketConflictTestsPy" name="testMergeEmpty" time="0.002"></testcase><testcase classname="BTrees.tests.test_IIBTree.IIBucketConflictTestsPy" name="testMergeInserts" time="0.003"></testcase><testcase classname="BTrees.tests.test_IIBTree.IIBucketConflictTestsPy" name="testMergeInsertsFromEmpty" time="0.003"></testcase><testcase classname="BTrees.tests.test_IIBTree.IIBucketConflictTestsPy" name="testMergeUpdate" time="0.003"></testcase><testcase classname="BTrees.tests.test_IIBTree.IIBucketPyTest" name="testBadUpdateTupleSize" time="0.000"></testcase><testcase classname="BTrees.tests.test_IIBTree.IIBucketPyTest" name="testClear" time="0.002"></testcase><testcase classname="BTrees.tests.test_IIBTree.IIBucketPyTest" name="testDeleteInvalidKeyRaisesKeyError" time="0.000"></testcase><testcase classname="BTrees.tests.test_IIBTree.IIBucketPyTest" name="testEmptyRangeSearches" time="0.007"></testcase><testcase classname="BTrees.tests.test_IIBTree.IIBucketPyTest" name="testGetItemFails" time="0.000"></testcase><testcase classname="BTrees.tests.test_IIBTree.IIBucketPyTest" name="testGetReturnsDefault" time="0.000"></testcase><testcase classname="BTrees.tests.test_IIBTree.IIBucketPyTest" name="testHasKeyWorks" time="0.000"></testcase><testcase classname="BTrees.tests.test_IIBTree.IIBucketPyTest" name="testItemsNegativeIndex" time="0.000"></testcase><testcase classname="BTrees.tests.test_IIBTree.IIBucketPyTest" name="testItemsWorks" time="0.003"></testcase><testcase classname="BTrees.tests.test_IIBTree.IIBucketPyTest" name="testIterators" time="0.010"></testcase><testcase classname="BTrees.tests.test_IIBTree.IIBucketPyTest" name="testKeysNegativeIndex" time="0.000"></testcase><testcase classname="BTrees.tests.test_IIBTree.IIBucketPyTest" name="testKeysWorks" time="0.005"></testcase><testcase classname="BTrees.tests.test_IIBTree.IIBucketPyTest" name="testLen" time="0.028"></testcase><testcase classname="BTrees.tests.test_IIBTree.IIBucketPyTest" name="testMaxKeyMinKey" time="0.000"></testcase><testcase classname="BTrees.tests.test_IIBTree.IIBucketPyTest" name="testPop" time="0.000"></testcase><testcase classname="BTrees.tests.test_IIBTree.IIBucketPyTest" name="testRangedIterators" time="0.091"></testcase><testcase classname="BTrees.tests.test_IIBTree.IIBucketPyTest" name="testReplaceWorks" time="0.000"></testcase><testcase classname="BTrees.tests.test_IIBTree.IIBucketPyTest" name="testRepr" time="0.025"></testcase><testcase classname="BTrees.tests.test_IIBTree.IIBucketPyTest" name="testSetItemGetItemWorks" time="0.000"></testcase><testcase classname="BTrees.tests.test_IIBTree.IIBucketPyTest" name="testSetdefault" time="0.000"></testcase><testcase classname="BTrees.tests.test_IIBTree.IIBucketPyTest" name="testSetstateArgumentChecking" time="0.000"></testcase><testcase classname="BTrees.tests.test_IIBTree.IIBucketPyTest" name="testShortRepr" time="0.000"></testcase><testcase classname="BTrees.tests.test_IIBTree.IIBucketPyTest" name="testSimpleExclusivRanges" time="0.003"></testcase><testcase classname="BTrees.tests.test_IIBTree.IIBucketPyTest" name="testSimpleExclusiveKeyRange" time="0.000"></testcase><testcase classname="BTrees.tests.test_IIBTree.IIBucketPyTest" name="testSlicing" time="0.041"></testcase><testcase classname="BTrees.tests.test_IIBTree.IIBucketPyTest" name="testUpdate" time="0.441"></testcase><testcase classname="BTrees.tests.test_IIBTree.IIBucketPyTest" name="testUpdateFromPersistentMapping" time="0.000"></testcase><testcase classname="BTrees.tests.test_IIBTree.IIBucketPyTest" name="testValuesNegativeIndex" time="0.000"></testcase><testcase classname="BTrees.tests.test_IIBTree.IIBucketPyTest" name="testValuesWorks" time="0.003"></testcase><testcase classname="BTrees.tests.test_IIBTree.IIBucketPyTest" name="testValuesWorks1" time="0.005"></testcase><testcase classname="BTrees.tests.test_IIBTree.IIBucketTest" name="testBadUpdateTupleSize" time="0.000"></testcase><testcase classname="BTrees.tests.test_IIBTree.IIBucketTest" name="testClear" time="0.000"></testcase><testcase classname="BTrees.tests.test_IIBTree.IIBucketTest" name="testDeleteInvalidKeyRaisesKeyError" time="0.000"></testcase><testcase classname="BTrees.tests.test_IIBTree.IIBucketTest" name="testEmptyRangeSearches" time="0.000"></testcase><testcase classname="BTrees.tests.test_IIBTree.IIBucketTest" name="testGetItemFails" time="0.000"></testcase><testcase classname="BTrees.tests.test_IIBTree.IIBucketTest" name="testGetReturnsDefault" time="0.000"></testcase><testcase classname="BTrees.tests.test_IIBTree.IIBucketTest" name="testHasKeyWorks" time="0.000"></testcase><testcase classname="BTrees.tests.test_IIBTree.IIBucketTest" name="testItemsNegativeIndex" time="0.000"></testcase><testcase classname="BTrees.tests.test_IIBTree.IIBucketTest" name="testItemsWorks" time="0.001"></testcase><testcase classname="BTrees.tests.test_IIBTree.IIBucketTest" name="testIterators" time="0.001"></testcase><testcase classname="BTrees.tests.test_IIBTree.IIBucketTest" name="testKeysNegativeIndex" time="0.000"></testcase><testcase classname="BTrees.tests.test_IIBTree.IIBucketTest" name="testKeysWorks" time="0.001"></testcase><testcase classname="BTrees.tests.test_IIBTree.IIBucketTest" name="testLen" time="0.003"></testcase><testcase classname="BTrees.tests.test_IIBTree.IIBucketTest" name="testMaxKeyMinKey" time="0.000"></testcase><testcase classname="BTrees.tests.test_IIBTree.IIBucketTest" name="testPop" time="0.000"></testcase><testcase classname="BTrees.tests.test_IIBTree.IIBucketTest" name="testRangedIterators" time="0.014"></testcase><testcase classname="BTrees.tests.test_IIBTree.IIBucketTest" name="testReplaceWorks" time="0.000"></testcase><testcase classname="BTrees.tests.test_IIBTree.IIBucketTest" name="testRepr" time="0.002"></testcase><testcase classname="BTrees.tests.test_IIBTree.IIBucketTest" name="testSetItemGetItemWorks" time="0.000"></testcase><testcase classname="BTrees.tests.test_IIBTree.IIBucketTest" name="testSetdefault" time="0.000"></testcase><testcase classname="BTrees.tests.test_IIBTree.IIBucketTest" name="testSetstateArgumentChecking" time="0.000"></testcase><testcase classname="BTrees.tests.test_IIBTree.IIBucketTest" name="testShortRepr" time="0.000"></testcase><testcase classname="BTrees.tests.test_IIBTree.IIBucketTest" name="testSimpleExclusivRanges" time="0.001"></testcase><testcase classname="BTrees.tests.test_IIBTree.IIBucketTest" name="testSimpleExclusiveKeyRange" time="0.000"></testcase><testcase classname="BTrees.tests.test_IIBTree.IIBucketTest" name="testSlicing" time="0.040"></testcase><testcase classname="BTrees.tests.test_IIBTree.IIBucketTest" name="testUpdate" time="0.062"></testcase><testcase classname="BTrees.tests.test_IIBTree.IIBucketTest" name="testUpdateFromPersistentMapping" time="0.000"></testcase><testcase classname="BTrees.tests.test_IIBTree.IIBucketTest" name="testValuesNegativeIndex" time="0.000"></testcase><testcase classname="BTrees.tests.test_IIBTree.IIBucketTest" name="testValuesWorks" time="0.000"></testcase><testcase classname="BTrees.tests.test_IIBTree.IIBucketTest" name="testValuesWorks1" time="0.001"></testcase><testcase classname="BTrees.tests.test_IIBTree.IIModuleTest" name="testFamily" time="0.000"></testcase><testcase classname="BTrees.tests.test_IIBTree.IIModuleTest" name="testModuleProvides" time="0.000"></testcase><testcase classname="BTrees.tests.test_IIBTree.IIModuleTest" name="testNames" time="0.000"></testcase><testcase classname="BTrees.tests.test_IIBTree.IISetConflictTests" name="testFailMergeDelete" time="0.000"></testcase><testcase classname="BTrees.tests.test_IIBTree.IISetConflictTests" name="testFailMergeEmptyAndFill" time="0.000"></testcase><testcase classname="BTrees.tests.test_IIBTree.IISetConflictTests" name="testFailMergeInsert" time="0.000"></testcase><testcase classname="BTrees.tests.test_IIBTree.IISetConflictTests" name="testMergeDelete" time="0.000"></testcase><testcase classname="BTrees.tests.test_IIBTree.IISetConflictTests" name="testMergeEmpty" time="0.000"></testcase><testcase classname="BTrees.tests.test_IIBTree.IISetConflictTests" name="testMergeInserts" time="0.000"></testcase><testcase classname="BTrees.tests.test_IIBTree.IISetConflictTests" name="testMergeInsertsFromEmpty" time="0.000"></testcase><testcase classname="BTrees.tests.test_IIBTree.IISetConflictTestsPy" name="testFailMergeDelete" time="0.001"></testcase><testcase classname="BTrees.tests.test_IIBTree.IISetConflictTestsPy" name="testFailMergeEmptyAndFill" time="0.001"></testcase><testcase classname="BTrees.tests.test_IIBTree.IISetConflictTestsPy" name="testFailMergeInsert" time="0.002"></testcase><testcase classname="BTrees.tests.test_IIBTree.IISetConflictTestsPy" name="testMergeDelete" time="0.002"></testcase><testcase classname="BTrees.tests.test_IIBTree.IISetConflictTestsPy" name="testMergeEmpty" time="0.001"></testcase><testcase classname="BTrees.tests.test_IIBTree.IISetConflictTestsPy" name="testMergeInserts" time="0.002"></testcase><testcase classname="BTrees.tests.test_IIBTree.IISetConflictTestsPy" name="testMergeInsertsFromEmpty" time="0.002"></testcase><testcase classname="BTrees.tests.test_IIBTree.IISetPyTest" name="testBigInsert" time="0.603"></testcase><testcase classname="BTrees.tests.test_IIBTree.IISetPyTest" name="testClear" time="0.017"></testcase><testcase classname="BTrees.tests.test_IIBTree.IISetPyTest" name="testDuplicateInsert" time="0.000"></testcase><testcase classname="BTrees.tests.test_IIBTree.IISetPyTest" name="testEmptyRangeSearches" time="0.005"></testcase><testcase classname="BTrees.tests.test_IIBTree.IISetPyTest" name="testGetItem" time="0.236"></testcase><testcase classname="BTrees.tests.test_IIBTree.IISetPyTest" name="testHasKeyFails" time="0.000"></testcase><testcase classname="BTrees.tests.test_IIBTree.IISetPyTest" name="testInsert" time="0.000"></testcase><testcase classname="BTrees.tests.test_IIBTree.IISetPyTest" name="testInsertReturnsValue" time="0.000"></testcase><testcase classname="BTrees.tests.test_IIBTree.IISetPyTest" name="testIterator" time="0.007"></testcase><testcase classname="BTrees.tests.test_IIBTree.IISetPyTest" name="testKeys" time="0.069"></testcase><testcase classname="BTrees.tests.test_IIBTree.IISetPyTest" name="testLen" time="0.212"></testcase><testcase classname="BTrees.tests.test_IIBTree.IISetPyTest" name="testMaxKeyMinKey" time="0.000"></testcase><testcase classname="BTrees.tests.test_IIBTree.IISetPyTest" name="testRemoveFails" time="0.000"></testcase><testcase classname="BTrees.tests.test_IIBTree.IISetPyTest" name="testRemoveSucceeds" time="0.452"></testcase><testcase classname="BTrees.tests.test_IIBTree.IISetPyTest" name="testSetstateArgumentChecking" time="0.000"></testcase><testcase classname="BTrees.tests.test_IIBTree.IISetPyTest" name="testSimpleExclusiveKeyRange" time="0.000"></testcase><testcase classname="BTrees.tests.test_IIBTree.IISetPyTest" name="testSlicing" time="0.016"></testcase><testcase classname="BTrees.tests.test_IIBTree.IISetPyTest" name="testUpdate" time="0.251"></testcase><testcase classname="BTrees.tests.test_IIBTree.IISetTest" name="testBigInsert" time="0.031"></testcase><testcase classname="BTrees.tests.test_IIBTree.IISetTest" name="testClear" time="0.001"></testcase><testcase classname="BTrees.tests.test_IIBTree.IISetTest" name="testDuplicateInsert" time="0.000"></testcase><testcase classname="BTrees.tests.test_IIBTree.IISetTest" name="testEmptyRangeSearches" time="0.000"></testcase><testcase classname="BTrees.tests.test_IIBTree.IISetTest" name="testGetItem" time="0.016"></testcase><testcase classname="BTrees.tests.test_IIBTree.IISetTest" name="testHasKeyFails" time="0.000"></testcase><testcase classname="BTrees.tests.test_IIBTree.IISetTest" name="testInsert" time="0.000"></testcase><testcase classname="BTrees.tests.test_IIBTree.IISetTest" name="testInsertReturnsValue" time="0.000"></testcase><testcase classname="BTrees.tests.test_IIBTree.IISetTest" name="testIterator" time="0.001"></testcase><testcase classname="BTrees.tests.test_IIBTree.IISetTest" name="testKeys" time="0.052"></testcase><testcase classname="BTrees.tests.test_IIBTree.IISetTest" name="testLen" time="0.005"></testcase><testcase classname="BTrees.tests.test_IIBTree.IISetTest" name="testMaxKeyMinKey" time="0.000"></testcase><testcase classname="BTrees.tests.test_IIBTree.IISetTest" name="testRemoveFails" time="0.000"></testcase><testcase classname="BTrees.tests.test_IIBTree.IISetTest" name="testRemoveSucceeds" time="0.020"></testcase><testcase classname="BTrees.tests.test_IIBTree.IISetTest" name="testSetstateArgumentChecking" time="0.000"></testcase><testcase classname="BTrees.tests.test_IIBTree.IISetTest" name="testSimpleExclusiveKeyRange" time="0.000"></testcase><testcase classname="BTrees.tests.test_IIBTree.IISetTest" name="testSlicing" time="0.015"></testcase><testcase classname="BTrees.tests.test_IIBTree.IISetTest" name="testUpdate" time="0.053"></testcase><testcase classname="BTrees.tests.test_IIBTree.IITreeSetConflictTests" name="testFailMergeDelete" time="0.000"></testcase><testcase classname="BTrees.tests.test_IIBTree.IITreeSetConflictTests" name="testFailMergeEmptyAndFill" time="0.000"></testcase><testcase classname="BTrees.tests.test_IIBTree.IITreeSetConflictTests" name="testFailMergeInsert" time="0.000"></testcase><testcase classname="BTrees.tests.test_IIBTree.IITreeSetConflictTests" name="testMergeDelete" time="0.000"></testcase><testcase classname="BTrees.tests.test_IIBTree.IITreeSetConflictTests" name="testMergeEmpty" time="0.000"></testcase><testcase classname="BTrees.tests.test_IIBTree.IITreeSetConflictTests" name="testMergeInserts" time="0.000"></testcase><testcase classname="BTrees.tests.test_IIBTree.IITreeSetConflictTests" name="testMergeInsertsFromEmpty" time="0.000"></testcase><testcase classname="BTrees.tests.test_IIBTree.IITreeSetConflictTestsPy" name="testFailMergeDelete" time="0.003"></testcase><testcase classname="BTrees.tests.test_IIBTree.IITreeSetConflictTestsPy" name="testFailMergeEmptyAndFill" time="0.003"></testcase><testcase classname="BTrees.tests.test_IIBTree.IITreeSetConflictTestsPy" name="testFailMergeInsert" time="0.003"></testcase><testcase classname="BTrees.tests.test_IIBTree.IITreeSetConflictTestsPy" name="testMergeDelete" time="0.003"></testcase><testcase classname="BTrees.tests.test_IIBTree.IITreeSetConflictTestsPy" name="testMergeEmpty" time="0.003"></testcase><testcase classname="BTrees.tests.test_IIBTree.IITreeSetConflictTestsPy" name="testMergeInserts" time="0.003"></testcase><testcase classname="BTrees.tests.test_IIBTree.IITreeSetConflictTestsPy" name="testMergeInsertsFromEmpty" time="0.003"></testcase><testcase classname="BTrees.tests.test_IIBTree.IITreeSetPyTest" name="testBigInsert" time="0.986"></testcase><testcase classname="BTrees.tests.test_IIBTree.IITreeSetPyTest" name="testClear" time="0.031"></testcase><testcase classname="BTrees.tests.test_IIBTree.IITreeSetPyTest" name="testDuplicateInsert" time="0.000"></testcase><testcase classname="BTrees.tests.test_IIBTree.IITreeSetPyTest" name="testEmptyRangeSearches" time="0.009"></testcase><testcase classname="BTrees.tests.test_IIBTree.IITreeSetPyTest" name="testHasKeyFails" time="0.000"></testcase><testcase classname="BTrees.tests.test_IIBTree.IITreeSetPyTest" name="testInsert" time="0.000"></testcase><testcase classname="BTrees.tests.test_IIBTree.IITreeSetPyTest" name="testInsertReturnsValue" time="0.000"></testcase><testcase classname="BTrees.tests.test_IIBTree.IITreeSetPyTest" name="testIterator" time="0.012"></testcase><testcase classname="BTrees.tests.test_IIBTree.IITreeSetPyTest" name="testKeys" time="0.087"></testcase><testcase classname="BTrees.tests.test_IIBTree.IITreeSetPyTest" name="testMaxKeyMinKey" time="0.001"></testcase><testcase classname="BTrees.tests.test_IIBTree.IITreeSetPyTest" name="testRemoveFails" time="0.000"></testcase><testcase classname="BTrees.tests.test_IIBTree.IITreeSetPyTest" name="testRemoveSucceeds" time="0.669"></testcase><testcase classname="BTrees.tests.test_IIBTree.IITreeSetPyTest" name="testSetstateArgumentChecking" time="0.000"></testcase><testcase classname="BTrees.tests.test_IIBTree.IITreeSetPyTest" name="testSimpleExclusiveKeyRange" time="0.001"></testcase><testcase classname="BTrees.tests.test_IIBTree.IITreeSetPyTest" name="testSlicing" time="0.140"></testcase><testcase classname="BTrees.tests.test_IIBTree.IITreeSetPyTest" name="testUpdate" time="0.376"></testcase><testcase classname="BTrees.tests.test_IIBTree.IITreeSetTest" name="testBigInsert" time="0.032"></testcase><testcase classname="BTrees.tests.test_IIBTree.IITreeSetTest" name="testClear" time="0.001"></testcase><testcase classname="BTrees.tests.test_IIBTree.IITreeSetTest" name="testDuplicateInsert" time="0.000"></testcase><testcase classname="BTrees.tests.test_IIBTree.IITreeSetTest" name="testEmptyRangeSearches" time="0.000"></testcase><testcase classname="BTrees.tests.test_IIBTree.IITreeSetTest" name="testHasKeyFails" time="0.000"></testcase><testcase classname="BTrees.tests.test_IIBTree.IITreeSetTest" name="testInsert" time="0.000"></testcase><testcase classname="BTrees.tests.test_IIBTree.IITreeSetTest" name="testInsertReturnsValue" time="0.000"></testcase><testcase classname="BTrees.tests.test_IIBTree.IITreeSetTest" name="testIterator" time="0.001"></testcase><testcase classname="BTrees.tests.test_IIBTree.IITreeSetTest" name="testKeys" time="0.052"></testcase><testcase classname="BTrees.tests.test_IIBTree.IITreeSetTest" name="testMaxKeyMinKey" time="0.000"></testcase><testcase classname="BTrees.tests.test_IIBTree.IITreeSetTest" name="testRemoveFails" time="0.000"></testcase><testcase classname="BTrees.tests.test_IIBTree.IITreeSetTest" name="testRemoveSucceeds" time="0.011"></testcase><testcase classname="BTrees.tests.test_IIBTree.IITreeSetTest" name="testSetstateArgumentChecking" time="0.000"></testcase><testcase classname="BTrees.tests.test_IIBTree.IITreeSetTest" name="testSimpleExclusiveKeyRange" time="0.000"></testcase><testcase classname="BTrees.tests.test_IIBTree.IITreeSetTest" name="testSlicing" time="0.031"></testcase><testcase classname="BTrees.tests.test_IIBTree.IITreeSetTest" name="testUpdate" time="0.052"></testcase><testcase classname="BTrees.tests.test_IIBTree.PureII" name="testDifference" time="0.002"></testcase><testcase classname="BTrees.tests.test_IIBTree.PureII" name="testEmptyDifference" time="0.001"></testcase><testcase classname="BTrees.tests.test_IIBTree.PureII" name="testEmptyIntersection" time="0.001"></testcase><testcase classname="BTrees.tests.test_IIBTree.PureII" name="testEmptyUnion" time="0.001"></testcase><testcase classname="BTrees.tests.test_IIBTree.PureII" name="testIntersection" time="0.001"></testcase><testcase classname="BTrees.tests.test_IIBTree.PureII" name="testLargerInputs" time="0.025"></testcase><testcase classname="BTrees.tests.test_IIBTree.PureII" name="testNone" time="0.000"></testcase><testcase classname="BTrees.tests.test_IIBTree.PureII" name="testUnion" time="0.002"></testcase><testcase classname="BTrees.tests.test_IIBTree.PureIIPy" name="testDifference" time="0.011"></testcase><testcase classname="BTrees.tests.test_IIBTree.PureIIPy" name="testEmptyDifference" time="0.004"></testcase><testcase classname="BTrees.tests.test_IIBTree.PureIIPy" name="testEmptyIntersection" time="0.003"></testcase><testcase classname="BTrees.tests.test_IIBTree.PureIIPy" name="testEmptyUnion" time="0.003"></testcase><testcase classname="BTrees.tests.test_IIBTree.PureIIPy" name="testIntersection" time="0.012"></testcase><testcase classname="BTrees.tests.test_IIBTree.PureIIPy" name="testLargerInputs" time="0.208"></testcase><testcase classname="BTrees.tests.test_IIBTree.PureIIPy" name="testNone" time="0.001"></testcase><testcase classname="BTrees.tests.test_IIBTree.PureIIPy" name="testUnion" time="0.010"></testcase><testcase classname="BTrees.tests.test_IIBTree.TestIIBTrees" name="testNonIntegerKeyRaises" time="0.000"></testcase><testcase classname="BTrees.tests.test_IIBTree.TestIIBTrees" name="testNonIntegerValueRaises" time="0.000"></testcase><testcase classname="BTrees.tests.test_IIBTree.TestIIBTreesPy" name="testNonIntegerKeyRaises" time="0.000"></testcase><testcase classname="BTrees.tests.test_IIBTree.TestIIBTreesPy" name="testNonIntegerValueRaises" time="0.000"></testcase><testcase classname="BTrees.tests.test_IIBTree.TestIIMultiUnion" name="testBigInput" time="0.044"></testcase><testcase classname="BTrees.tests.test_IIBTree.TestIIMultiUnion" name="testEmpty" time="0.000"></testcase><testcase classname="BTrees.tests.test_IIBTree.TestIIMultiUnion" name="testFunkyKeyIteration" time="0.002"></testcase><testcase classname="BTrees.tests.test_IIBTree.TestIIMultiUnion" name="testLotsOfLittleOnes" time="0.096"></testcase><testcase classname="BTrees.tests.test_IIBTree.TestIIMultiUnion" name="testOne" time="0.001"></testcase><testcase classname="BTrees.tests.test_IIBTree.TestIIMultiUnion" name="testValuesIgnored" time="0.000"></testcase><testcase classname="BTrees.tests.test_IIBTree.TestIIMultiUnionPy" name="testBigInput" time="26.353"></testcase><testcase classname="BTrees.tests.test_IIBTree.TestIIMultiUnionPy" name="testEmpty" time="0.000"></testcase><testcase classname="BTrees.tests.test_IIBTree.TestIIMultiUnionPy" name="testFunkyKeyIteration" time="0.033"></testcase><testcase classname="BTrees.tests.test_IIBTree.TestIIMultiUnionPy" name="testLotsOfLittleOnes" time="1.352"></testcase><testcase classname="BTrees.tests.test_IIBTree.TestIIMultiUnionPy" name="testOne" time="0.007"></testcase><testcase classname="BTrees.tests.test_IIBTree.TestIIMultiUnionPy" name="testValuesIgnored" time="0.000"></testcase><testcase classname="BTrees.tests.test_IIBTree.TestIISets" name="testBadBadKeyAfterFirst" time="0.000"></testcase><testcase classname="BTrees.tests.test_IIBTree.TestIISets" name="testNonIntegerInsertRaises" time="0.000"></testcase><testcase classname="BTrees.tests.test_IIBTree.TestIISetsPy" name="testBadBadKeyAfterFirst" time="0.000"></testcase><testcase classname="BTrees.tests.test_IIBTree.TestIISetsPy" name="testNonIntegerInsertRaises" time="0.000"></testcase><testcase classname="BTrees.tests.test_IIBTree.TestIITreeSets" name="testBadBadKeyAfterFirst" time="0.000"></testcase><testcase classname="BTrees.tests.test_IIBTree.TestIITreeSets" name="testNonIntegerInsertRaises" time="0.001"></testcase><testcase classname="BTrees.tests.test_IIBTree.TestIITreeSetsPy" name="testBadBadKeyAfterFirst" time="0.000"></testcase><testcase classname="BTrees.tests.test_IIBTree.TestIITreeSetsPy" name="testNonIntegerInsertRaises" time="0.000"></testcase><testcase classname="BTrees.tests.test_IIBTree.TestLongIntKeys" name="testLongIntKeysOutOfRange" time="0.000"></testcase><testcase classname="BTrees.tests.test_IIBTree.TestLongIntKeys" name="testLongIntKeysWork" time="0.000"></testcase><testcase classname="BTrees.tests.test_IIBTree.TestLongIntValues" name="testLongIntValuesOutOfRange" time="0.000"></testcase><testcase classname="BTrees.tests.test_IIBTree.TestLongIntValues" name="testLongIntValuesWork" time="0.000"></testcase><testcase classname="BTrees.tests.test_IIBTree.TestWeightedII" name="testBothNone" time="0.000"></testcase><testcase classname="BTrees.tests.test_IIBTree.TestWeightedII" name="testIntersection" time="0.139"></testcase><testcase classname="BTrees.tests.test_IIBTree.TestWeightedII" name="testLeftNone" time="0.000"></testcase><testcase classname="BTrees.tests.test_IIBTree.TestWeightedII" name="testRightNone" time="0.000"></testcase><testcase classn
[...]
me="BTrees.tests.test__base.Test_Tree" name="test_setdefault_hit" time="0.000"></testcase><testcase classname="BTrees.tests.test__base.Test_Tree" name="test_setdefault_miss" time="0.000"></testcase><testcase classname="BTrees.tests.test__base.Test_Tree" name="test_size_empty" time="0.000"></testcase><testcase classname="BTrees.tests.test__base.Test_Tree" name="test_size_nonempty" time="0.000"></testcase><testcase classname="BTrees.tests.test__base.Test_Tree" name="test_size_nonempty_multiple_buckets" time="0.002"></testcase><testcase classname="BTrees.tests.test__base.Test_Tree" name="test_update_replacing" time="0.000"></testcase><testcase classname="BTrees.tests.test__base.Test_Tree" name="test_update_sequence" time="0.000"></testcase><testcase classname="BTrees.tests.test__base.Test_Tree" name="test_update_value_w_invalid_items" time="0.000"></testcase><testcase classname="BTrees.tests.test__base.Test_Tree" name="test_update_value_w_items" time="0.000"></testcase><testcase classname="BTrees.tests.test__base.Test_Tree" name="test_update_value_w_iteritems" time="0.000"></testcase><testcase classname="BTrees.tests.test__base.Test_TreeItem" name="test_ctor" time="0.000"></testcase><testcase classname="BTrees.tests.test__base.Test_TreeItems" name="test___getitem___w_index_gt_length" time="0.000"></testcase><testcase classname="BTrees.tests.test__base.Test_TreeItems" name="test___getitem___w_index_smaller_than_cursor" time="0.000"></testcase><testcase classname="BTrees.tests.test__base.Test_TreeItems" name="test___getitem___w_negative_index_le_minus_length" time="0.000"></testcase><testcase classname="BTrees.tests.test__base.Test_TreeItems" name="test___getitem___w_slice" time="0.000"></testcase><testcase classname="BTrees.tests.test__base.Test_TreeItems" name="test___iter___w_empty_last_bucket" time="0.000"></testcase><testcase classname="BTrees.tests.test__base.Test_TreeItems" name="test___iter___w_iteritems" time="0.000"></testcase><testcase classname="BTrees.tests.test__base.Test_TreeItems" name="test___iter___w_iterkeys" time="0.000"></testcase><testcase classname="BTrees.tests.test__base.Test_TreeItems" name="test___iter___w_itervalues" time="0.000"></testcase><testcase classname="BTrees.tests.test__base.Test_TreeItems" name="test___len__" time="0.000"></testcase><testcase classname="BTrees.tests.test__base.Test_difference" name="test_both_mappings_rhs_empty" time="0.000"></testcase><testcase classname="BTrees.tests.test__base.Test_difference" name="test_both_mappings_rhs_non_empty" time="0.000"></testcase><testcase classname="BTrees.tests.test__base.Test_difference" name="test_both_sets_lhs_empty" time="0.000"></testcase><testcase classname="BTrees.tests.test__base.Test_difference" name="test_both_sets_rhs_empty" time="0.000"></testcase><testcase classname="BTrees.tests.test__base.Test_difference" name="test_lhs_mapping_rhs_set" time="0.000"></testcase><testcase classname="BTrees.tests.test__base.Test_difference" name="test_lhs_none" time="0.000"></testcase><testcase classname="BTrees.tests.test__base.Test_difference" name="test_lhs_set_rhs_mapping" time="0.000"></testcase><testcase classname="BTrees.tests.test__base.Test_difference" name="test_rhs_none" time="0.000"></testcase><testcase classname="BTrees.tests.test__base.Test_helpers" name="test_MERGE" time="0.000"></testcase><testcase classname="BTrees.tests.test__base.Test_helpers" name="test_MERGE_WEIGHT_default" time="0.000"></testcase><testcase classname="BTrees.tests.test__base.Test_helpers" name="test_MERGE_WEIGHT_numeric" time="0.000"></testcase><testcase classname="BTrees.tests.test__base.Test_helpers" name="test_to_bytes_w_invalid_length" time="0.000"></testcase><testcase classname="BTrees.tests.test__base.Test_helpers" name="test_to_bytes_w_ok" time="0.000"></testcase><testcase classname="BTrees.tests.test__base.Test_helpers" name="test_to_float_w_float" time="0.000"></testcase><testcase classname="BTrees.tests.test__base.Test_helpers" name="test_to_float_w_int" time="0.000"></testcase><testcase classname="BTrees.tests.test__base.Test_helpers" name="test_to_float_w_invalid" time="0.000"></testcase><testcase classname="BTrees.tests.test__base.Test_helpers" name="test_to_int_w_int" time="0.000"></testcase><testcase classname="BTrees.tests.test__base.Test_helpers" name="test_to_int_w_invalid" time="0.000"></testcase><testcase classname="BTrees.tests.test__base.Test_helpers" name="test_to_int_w_long_in_range" time="0.000"></testcase><testcase classname="BTrees.tests.test__base.Test_helpers" name="test_to_int_w_overflow" time="0.000"></testcase><testcase classname="BTrees.tests.test__base.Test_helpers" name="test_to_long_w_int" time="0.000"></testcase><testcase classname="BTrees.tests.test__base.Test_helpers" name="test_to_long_w_invalid" time="0.000"></testcase><testcase classname="BTrees.tests.test__base.Test_helpers" name="test_to_long_w_long_in_range" time="0.000"></testcase><testcase classname="BTrees.tests.test__base.Test_helpers" name="test_to_long_w_overflow" time="0.000"></testcase><testcase classname="BTrees.tests.test__base.Test_helpers" name="test_to_ob" time="0.000"></testcase><testcase classname="BTrees.tests.test__base.Test_intersection" name="test_both_mappings_rhs_empty" time="0.000"></testcase><testcase classname="BTrees.tests.test__base.Test_intersection" name="test_both_mappings_rhs_non_empty" time="0.000"></testcase><testcase classname="BTrees.tests.test__base.Test_intersection" name="test_both_sets_lhs_empty" time="0.000"></testcase><testcase classname="BTrees.tests.test__base.Test_intersection" name="test_both_sets_rhs_empty" time="0.000"></testcase><testcase classname="BTrees.tests.test__base.Test_intersection" name="test_lhs_mapping_rhs_set" time="0.000"></testcase><testcase classname="BTrees.tests.test__base.Test_intersection" name="test_lhs_none" time="0.000"></testcase><testcase classname="BTrees.tests.test__base.Test_intersection" name="test_lhs_set_rhs_mapping" time="0.000"></testcase><testcase classname="BTrees.tests.test__base.Test_intersection" name="test_rhs_none" time="0.000"></testcase><testcase classname="BTrees.tests.test__base.Test_multiunion" name="test_no_seqs" time="0.000"></testcase><testcase classname="BTrees.tests.test__base.Test_multiunion" name="test_w_iterable_seqs" time="0.000"></testcase><testcase classname="BTrees.tests.test__base.Test_multiunion" name="test_w_mix" time="0.000"></testcase><testcase classname="BTrees.tests.test__base.Test_multiunion" name="test_w_non_iterable_seq" time="0.000"></testcase><testcase classname="BTrees.tests.test__base.Test_set_operation" name="test_it" time="0.000"></testcase><testcase classname="BTrees.tests.test__base.Test_union" name="test_both_mappings_rhs_empty" time="0.000"></testcase><testcase classname="BTrees.tests.test__base.Test_union" name="test_both_mappings_rhs_non_empty" time="0.000"></testcase><testcase classname="BTrees.tests.test__base.Test_union" name="test_both_sets_lhs_empty" time="0.000"></testcase><testcase classname="BTrees.tests.test__base.Test_union" name="test_both_sets_rhs_empty" time="0.000"></testcase><testcase classname="BTrees.tests.test__base.Test_union" name="test_lhs_mapping_rhs_set" time="0.000"></testcase><testcase classname="BTrees.tests.test__base.Test_union" name="test_lhs_none" time="0.000"></testcase><testcase classname="BTrees.tests.test__base.Test_union" name="test_lhs_set_rhs_mapping" time="0.000"></testcase><testcase classname="BTrees.tests.test__base.Test_union" name="test_rhs_none" time="0.000"></testcase><testcase classname="BTrees.tests.test__base.Test_weightedIntersection" name="test_both_mappings_but_no_merge" time="0.000"></testcase><testcase classname="BTrees.tests.test__base.Test_weightedIntersection" name="test_both_mappings_rhs_empty" time="0.000"></testcase><testcase classname="BTrees.tests.test__base.Test_weightedIntersection" name="test_both_mappings_rhs_non_empty" time="0.000"></testcase><testcase classname="BTrees.tests.test__base.Test_weightedIntersection" name="test_both_none" time="0.000"></testcase><testcase classname="BTrees.tests.test__base.Test_weightedIntersection" name="test_lhs_mapping_rhs_set" time="0.000"></testcase><testcase classname="BTrees.tests.test__base.Test_weightedIntersection" name="test_lhs_mapping_wo_MERGE_rhs_mapping" time="0.000"></testcase><testcase classname="BTrees.tests.test__base.Test_weightedIntersection" name="test_lhs_none" time="0.000"></testcase><testcase classname="BTrees.tests.test__base.Test_weightedIntersection" name="test_lhs_set_wo_MERGE_DEFAULT_rhs_mapping" time="0.000"></testcase><testcase classname="BTrees.tests.test__base.Test_weightedIntersection" name="test_lhs_set_wo_MERGE_DEFAULT_rhs_set" time="0.000"></testcase><testcase classname="BTrees.tests.test__base.Test_weightedIntersection" name="test_rhs_none" time="0.000"></testcase><testcase classname="BTrees.tests.test__base.Test_weightedIntersection" name="test_w_lhs_Set_rhs_Set" time="0.000"></testcase><testcase classname="BTrees.tests.test__base.Test_weightedUnion" name="test_both_mappings_but_no_merge" time="0.000"></testcase><testcase classname="BTrees.tests.test__base.Test_weightedUnion" name="test_both_mappings_rhs_empty" time="0.000"></testcase><testcase classname="BTrees.tests.test__base.Test_weightedUnion" name="test_both_mappings_rhs_non_empty" time="0.000"></testcase><testcase classname="BTrees.tests.test__base.Test_weightedUnion" name="test_both_none" time="0.000"></testcase><testcase classname="BTrees.tests.test__base.Test_weightedUnion" name="test_lhs_mapping_rhs_set" time="0.000"></testcase><testcase classname="BTrees.tests.test__base.Test_weightedUnion" name="test_lhs_mapping_wo_MERGE_DEFAULT_rhs_set" time="0.000"></testcase><testcase classname="BTrees.tests.test__base.Test_weightedUnion" name="test_lhs_mapping_wo_MERGE_rhs_mapping" time="0.000"></testcase><testcase classname="BTrees.tests.test__base.Test_weightedUnion" name="test_lhs_mergeable_set_rhs_mapping" time="0.000"></testcase><testcase classname="BTrees.tests.test__base.Test_weightedUnion" name="test_lhs_none" time="0.000"></testcase><testcase classname="BTrees.tests.test__base.Test_weightedUnion" name="test_lhs_set_wo_MERGE_DEFAULT_rhs_mapping" time="0.000"></testcase><testcase classname="BTrees.tests.test__base.Test_weightedUnion" name="test_lhs_set_wo_MERGE_DEFAULT_rhs_set" time="0.000"></testcase><testcase classname="BTrees.tests.test__base.Test_weightedUnion" name="test_rhs_none" time="0.000"></testcase><testcase classname="BTrees.tests.test__base.Test_weightedUnion" name="test_w_lhs_Set_rhs_Set" time="0.000"></testcase><testcase classname="BTrees.tests.test__base.TreeSetTests" name="test_add_existing_key" time="0.000"></testcase><testcase classname="BTrees.tests.test__base.TreeSetTests" name="test_add_new_key" time="0.000"></testcase><testcase classname="BTrees.tests.test__base.TreeSetTests" name="test_remove_hit" time="0.000"></testcase><testcase classname="BTrees.tests.test__base.TreeSetTests" name="test_remove_miss" time="0.000"></testcase><testcase classname="BTrees.tests.test__base.TreeSetTests" name="test_update_empty_sequence" time="0.000"></testcase><testcase classname="BTrees.tests.test__base.TreeSetTests" name="test_update_mppaing" time="0.001"></testcase><testcase classname="BTrees.tests.test__base.TreeSetTests" name="test_update_simple_sequence" time="0.001"></testcase><testcase classname="BTrees.tests.test__base.TreeTests" name="test___getitem___empty_miss" time="0.000"></testcase><testcase classname="BTrees.tests.test__base.TreeTests" name="test___getitem___filled_hit" time="0.001"></testcase><testcase classname="BTrees.tests.test__base.TreeTests" name="test___getitem___filled_miss" time="0.001"></testcase><testcase classname="BTrees.tests.test__base.TreeTests" name="test_byValue" time="0.001"></testcase><testcase classname="BTrees.tests.test__base.TreeTests" name="test_get_empty_miss" time="0.000"></testcase><testcase classname="BTrees.tests.test__base.TreeTests" name="test_get_empty_miss_w_default" time="0.000"></testcase><testcase classname="BTrees.tests.test__base.TreeTests" name="test_get_filled_hit" time="0.001"></testcase><testcase classname="BTrees.tests.test__base.TreeTests" name="test_get_filled_miss" time="0.001"></testcase><testcase classname="BTrees.tests.test__base.TreeTests" name="test_get_filled_miss_w_default" time="0.001"></testcase><testcase classname="BTrees.tests.test__base.TreeTests" name="test_insert_new_key" time="0.000"></testcase><testcase classname="BTrees.tests.test__base.TreeTests" name="test_insert_would_change_key" time="0.001"></testcase><testcase classname="BTrees.tests.test__base.TreeTests" name="test_items_empty_no_args" time="0.000"></testcase><testcase classname="BTrees.tests.test__base.TreeTests" name="test_items_filled_no_args" time="0.001"></testcase><testcase classname="BTrees.tests.test__base.TreeTests" name="test_items_filled_w_args" time="0.001"></testcase><testcase classname="BTrees.tests.test__base.TreeTests" name="test_iteritems_empty_no_args" time="0.000"></testcase><testcase classname="BTrees.tests.test__base.TreeTests" name="test_iteritems_filled_no_args" time="0.001"></testcase><testcase classname="BTrees.tests.test__base.TreeTests" name="test_iteritems_filled_w_args" time="0.001"></testcase><testcase classname="BTrees.tests.test__base.TreeTests" name="test_itervalues_empty_no_args" time="0.000"></testcase><testcase classname="BTrees.tests.test__base.TreeTests" name="test_itervalues_filled_no_args" time="0.001"></testcase><testcase classname="BTrees.tests.test__base.TreeTests" name="test_itervalues_filled_w_args" time="0.001"></testcase><testcase classname="BTrees.tests.test__base.TreeTests" name="test_values_empty_no_args" time="0.000"></testcase><testcase classname="BTrees.tests.test__base.TreeTests" name="test_values_filled_no_args" time="0.001"></testcase><testcase classname="BTrees.tests.test__base.TreeTests" name="test_values_filled_w_args" time="0.001"></testcase><testcase classname="BTrees.tests.test__base" name="test_suite" time="0.003"></testcase><testcase classname="BTrees.tests.test_btreesubclass.SubclassTest" name="testSubclass" time="0.000"></testcase><testcase classname="BTrees.tests.test_btreesubclass" name="test_suite" time="0.000"></testcase><testcase classname="BTrees.tests.test_check.CheckerTests" name="test_walk_w_degenerate_btree" time="0.000"></testcase><testcase classname="BTrees.tests.test_check.CheckerTests" name="test_walk_w_empty_btree" time="0.000"></testcase><testcase classname="BTrees.tests.test_check.CheckerTests" name="test_walk_w_empty_bucket" time="0.000"></testcase><testcase classname="BTrees.tests.test_check.CheckerTests" name="test_walk_w_key_too_large" time="0.000"></testcase><testcase classname="BTrees.tests.test_check.CheckerTests" name="test_walk_w_key_too_small" time="0.000"></testcase><testcase classname="BTrees.tests.test_check.CheckerTests" name="test_walk_w_keys_swapped" time="0.000"></testcase><testcase classname="BTrees.tests.test_check.CheckerTests" name="test_walk_w_normal_btree" time="0.000"></testcase><testcase classname="BTrees.tests.test_check.Test_check" name="test_normal" time="0.000"></testcase><testcase classname="BTrees.tests.test_check.Test_classify" name="test_classify_w_bucket" time="0.000"></testcase><testcase classname="BTrees.tests.test_check.Test_classify" name="test_classify_w_set" time="0.000"></testcase><testcase classname="BTrees.tests.test_check.Test_classify" name="test_classify_w_tree" time="0.000"></testcase><testcase classname="BTrees.tests.test_check.Test_classify" name="test_classify_w_treeset" time="0.000"></testcase><testcase classname="BTrees.tests.test_check.Test_classify" name="test_classify_w_unknown" time="0.000"></testcase><testcase classname="BTrees.tests.test_check.Test_crack_btree" name="test_w_degenerate_tree" time="0.000"></testcase><testcase classname="BTrees.tests.test_check.Test_crack_btree" name="test_w_empty_tree" time="0.000"></testcase><testcase classname="BTrees.tests.test_check.Test_crack_btree" name="test_w_normal_tree" time="0.000"></testcase><testcase classname="BTrees.tests.test_check.Test_crack_bucket" name="test_w_empty_mapping" time="0.000"></testcase><testcase classname="BTrees.tests.test_check.Test_crack_bucket" name="test_w_empty_set" time="0.000"></testcase><testcase classname="BTrees.tests.test_check.Test_crack_bucket" name="test_w_non_empty_mapping" time="0.000"></testcase><testcase classname="BTrees.tests.test_check.Test_crack_bucket" name="test_w_non_empty_set" time="0.000"></testcase><testcase classname="BTrees.tests.test_check.Test_type_and_adr" name="test_type_and_adr_w_oid" time="0.000"></testcase><testcase classname="BTrees.tests.test_check.Test_type_and_adr" name="test_type_and_adr_wo_oid" time="0.000"></testcase><testcase classname="BTrees.tests.test_check.WalkerTests" name="test_visit_btree_abstract" time="0.000"></testcase><testcase classname="BTrees.tests.test_check.WalkerTests" name="test_visit_bucket_abstract" time="0.000"></testcase><testcase classname="BTrees.tests.test_check.WalkerTests" name="test_walk_w_degenerate_btree" time="0.000"></testcase><testcase classname="BTrees.tests.test_check.WalkerTests" name="test_walk_w_empty_btree" time="0.000"></testcase><testcase classname="BTrees.tests.test_check.WalkerTests" name="test_walk_w_empty_bucket" time="0.000"></testcase><testcase classname="BTrees.tests.test_check.WalkerTests" name="test_walk_w_normal_btree" time="0.000"></testcase><testcase classname="BTrees.tests.test_check" name="test_suite" time="0.001"></testcase><testcase classname="BTrees.tests.test_fsBTree.fsBucketPyTests" name="test_fromString" time="0.000"></testcase><testcase classname="BTrees.tests.test_fsBTree.fsBucketPyTests" name="test_fromString_empty" time="0.000"></testcase><testcase classname="BTrees.tests.test_fsBTree.fsBucketPyTests" name="test_fromString_invalid_length" time="0.000"></testcase><testcase classname="BTrees.tests.test_fsBTree.fsBucketPyTests" name="test_toString" time="0.000"></testcase><testcase classname="BTrees.tests.test_fsBTree.fsBucketTests" name="test_fromString" time="0.000"></testcase><testcase classname="BTrees.tests.test_fsBTree.fsBucketTests" name="test_fromString_empty" time="0.000"></testcase><testcase classname="BTrees.tests.test_fsBTree.fsBucketTests" name="test_fromString_invalid_length" time="0.000"></testcase><testcase classname="BTrees.tests.test_fsBTree.fsBucketTests" name="test_toString" time="0.000"></testcase><testcase classname="BTrees.tests.test_fsBTree" name="test_suite" time="0.000"></testcase><testcase classname="BTrees.tests.test_utils.Test_non_negative" name="test_w_big_negative" time="0.000"></testcase><testcase classname="BTrees.tests.test_utils.Test_non_negative" name="test_w_big_positive" time="0.000"></testcase><testcase classname="BTrees.tests.test_utils.Test_non_negative" name="test_w_negative" time="0.000"></testcase><testcase classname="BTrees.tests.test_utils.Test_non_negative" name="test_w_positive" time="0.000"></testcase><testcase classname="BTrees.tests.test_utils.Test_non_negative" name="test_w_zero" time="0.000"></testcase><testcase classname="BTrees.tests.test_utils.Test_oid_repr" name="test_w_even_length" time="0.000"></testcase><testcase classname="BTrees.tests.test_utils.Test_oid_repr" name="test_w_long_strings" time="0.007"></testcase><testcase classname="BTrees.tests.test_utils.Test_oid_repr" name="test_w_non_strings" time="0.000"></testcase><testcase classname="BTrees.tests.test_utils.Test_oid_repr" name="test_w_odd_length" time="0.000"></testcase><testcase classname="BTrees.tests.test_utils.Test_oid_repr" name="test_w_one" time="0.000"></testcase><testcase classname="BTrees.tests.test_utils.Test_oid_repr" name="test_w_short_strings" time="0.000"></testcase><testcase classname="BTrees.tests.test_utils.Test_oid_repr" name="test_w_zero" time="0.000"></testcase><testcase classname="BTrees.tests.test_utils" name="test_suite" time="0.000"></testcase></testsuite>